[13/09/2011 00:34] Admin Danhawk: CREATED ITEM #: 2653
[13/09/2011 00:34] Admin Danhawk: CREATED ITEM #: 2653 1
[13/09/2011 00:45] Admin Danhawk: CREATED ITEM #: 2196
[13/09/2011 00:45] Admin Danhawk: CREATED ITEM #: 2196 1
[13/09/2011 00:46] Admin Danhawk: CREATED ITEM #: 2435 1
[13/09/2011 00:47] Admin Danhawk: CREATED ITEM #: 2501 1
[13/09/2011 00:47] Admin Danhawk: CREATED ITEM #: 2649 1
[13/09/2011 00:48] Admin Danhawk: CREATED ITEM #: 3966 1
[13/09/2011 00:48] Admin Danhawk: CREATED ITEM #: 3973 1
[13/09/2011 00:49] Admin Danhawk: CREATED ITEM #: 2307 1
[13/09/2011 00:49] Admin Danhawk: CREATED ITEM #: 2307 200
[13/09/2011 00:49] Admin Danhawk: CREATED ITEM #: 2210 1
[13/09/2011 00:50] Admin Danhawk: CREATED ITEM #: 2210 10
[13/09/2011 00:50] Admin Danhawk: CREATED ITEM #: 2207 1
[13/09/2011 00:51] Admin Danhawk: CREATED ITEM #: 2165 1
[13/09/2011 00:52] Admin Danhawk: CREATED ITEM #: 2126
[13/09/2011 00:52] Admin Danhawk: CREATED ITEM #: 2126 1
[13/09/2011 00:53] Admin Danhawk: Set a house to: Admin Danhawk
[13/09/2011 00:53] Admin Danhawk: CREATED ITEM #: 2126 1
[13/09/2011 00:53] Admin Danhawk: CREATED ITEM #: 2165 1
[13/09/2011 00:54] Admin Danhawk: CREATED ITEM #: 2207 1
[13/09/2011 00:54] Admin Danhawk: CREATED ITEM #: 2210 10
[13/09/2011 00:54] Admin Danhawk: CREATED ITEM #: 2307 200
[13/09/2011 00:54] Admin Danhawk: CREATED ITEM #: 3973 1
[13/09/2011 00:54] Admin Danhawk: CREATED ITEM #: 3966 1
[13/09/2011 00:54] Admin Danhawk: CREATED ITEM #: 2649 1
[13/09/2011 00:55] Admin Danhawk: CREATED ITEM #: 2501 1
[13/09/2011 00:55] Admin Danhawk: CREATED ITEM #: 2501 1
[13/09/2011 00:55] Admin Danhawk: CREATED ITEM #: 2649 1
[13/09/2011 00:55] Admin Danhawk: CREATED ITEM #: 2649 1
[13/09/2011 00:55] Admin Danhawk: CREATED ITEM #: 3966 1
[13/09/2011 00:55] Admin Danhawk: CREATED ITEM #: 3973 1
[13/09/2011 00:55] Admin Danhawk: CREATED ITEM #: 3973 1
[13/09/2011 00:55] Admin Danhawk: CREATED ITEM #: 2210 10
[13/09/2011 15:28] Admin Danhawk: CREATED ITEM #: 2281
[13/09/2011 15:28] Admin Danhawk: CREATED ITEM #: 2281 1
[13/09/2011 15:29] Admin Danhawk: CREATED ITEM #: 2281 100
[13/09/2011 15:29] Admin Danhawk: CREATED ITEM #: 2281 1
[13/09/2011 15:29] Admin Danhawk: CREATED ITEM #: 2281 1
[13/09/2011 15:29] Admin Danhawk: CREATED ITEM #: 2281 1
[13/09/2011 15:29] Admin Danhawk: CREATED ITEM #: 2281 1
[13/09/2011 15:29] Admin Danhawk: CREATED ITEM #: 2281 1
[13/09/2011 15:29] Admin Danhawk: CREATED ITEM #: 2281 1
[13/09/2011 15:29] Admin Danhawk: CREATED ITEM #: 2281 1
[13/09/2011 15:29] Admin Danhawk: CREATED ITEM #: 2281 1
[13/09/2011 15:29] Admin Danhawk: CREATED ITEM #: 2281 1
[13/09/2011 15:29] Admin Danhawk: CREATED ITEM #: 2281 1
[13/09/2011 15:29] Admin Danhawk: CREATED ITEM #: 2281 1
[13/09/2011 15:29] Admin Danhawk: CREATED ITEM #: 2281 1
[13/09/2011 15:30] Admin Danhawk: CREATED ITEM #: 2270
[13/09/2011 15:30] Admin Danhawk: CREATED ITEM #: 2270 1
[13/09/2011 15:31] Admin Danhawk: CREATED ITEM #: 2281 1
[13/09/2011 15:31] Admin Danhawk: CREATED ITEM #: 2281 1
[13/09/2011 15:31] Admin Danhawk: CREATED ITEM #: 2281 1
[13/09/2011 15:31] Admin Danhawk: CREATED ITEM #: 2281 1
[13/09/2011 15:31] Admin Danhawk: CREATED ITEM #: 2281 1
[13/09/2011 15:31] Admin Danhawk: CREATED ITEM #: 2281 1
[13/09/2011 15:31] Admin Danhawk: CREATED ITEM #: 2281 1
[13/09/2011 15:31] Admin Danhawk: CREATED ITEM #: 2281 1
[13/09/2011 15:31] Admin Danhawk: CREATED ITEM #: 2281 1
[13/09/2011 15:31] Admin Danhawk: CREATED ITEM #: 2229 100
[13/09/2011 15:31] Admin Danhawk: CREATED ITEM #: 2229 100
[13/09/2011 15:31] Admin Danhawk: CREATED ITEM #: 2229 100
[13/09/2011 15:31] Admin Danhawk: CREATED ITEM #: 2229 100
[13/09/2011 15:32] Admin Danhawk: CREATED ITEM #: 1988 1
[13/09/2011 15:33] Admin Danhawk: CREATED ITEM #: 2229 100
[13/09/2011 15:33] Admin Danhawk: CREATED ITEM #: 2229 100
[13/09/2011 15:33] Admin Danhawk: CREATED ITEM #: 2229 100
[13/09/2011 15:33] Admin Danhawk: CREATED ITEM #: 2229 100
[13/09/2011 15:33] Admin Danhawk: CREATED ITEM #: 2229 100
[13/09/2011 15:33] Admin Danhawk: CREATED ITEM #: 2229 100
[13/09/2011 15:33] Admin Danhawk: CREATED ITEM #: 2229 100
[13/09/2011 15:33] Admin Danhawk: CREATED ITEM #: 2229 100
[13/09/2011 15:33] Admin Danhawk: CREATED ITEM #: 2229 100
[13/09/2011 15:33] Admin Danhawk: CREATED ITEM #: 2229 100
[13/09/2011 15:33] Admin Danhawk: CREATED ITEM #: 2229 100
[13/09/2011 15:33] Admin Danhawk: CREATED ITEM #: 2229 100
[13/09/2011 15:33] Admin Danhawk: CREATED ITEM #: 2229 100
[13/09/2011 15:33] Admin Danhawk: CREATED ITEM #: 2229 100
[13/09/2011 15:33] Admin Danhawk: CREATED ITEM #: 2229 100
[13/09/2011 15:33] Admin Danhawk: CREATED ITEM #: 2229 100
[13/09/2011 15:36] Admin Danhawk: CREATED ITEM #: 2126 1
[13/09/2011 15:37] Admin Danhawk: CREATED ITEM #: 2653 1
[13/09/2011 15:38] Admin Danhawk: CREATED ITEM #: 3973 1
[13/09/2011 15:38] Admin Danhawk: Set a house to: Flex Teddy
[13/09/2011 19:03] Admin Danhawk: Set a house to: Admin Danhawk
[13/09/2011 19:03] Admin Danhawk: Set a house to: Admin Danhawk
[13/09/2011 19:07] Admin Danhawk: CREATED ITEM #: 2090
[13/09/2011 19:07] Admin Danhawk: CREATED ITEM #: 2090 1
[13/09/2011 19:08] Admin Danhawk: CREATED ITEM #: 2091 1
[13/09/2011 19:08] Admin Danhawk: CREATED ITEM #: 2092 1
[13/09/2011 19:08] Admin Danhawk: CREATED ITEM #: 2093 1
[13/09/2011 19:08] Admin Danhawk: CREATED ITEM #: 2086 1
[13/09/2011 19:08] Admin Danhawk: CREATED ITEM #: 2085 1
[13/09/2011 19:09] Admin Danhawk: CREATED ITEM #: 2087 1
[13/09/2011 19:09] Admin Danhawk: CREATED ITEM #: 2088 1
[13/09/2011 19:19] Admin Danhawk: CREATED ITEM #: 2353
[13/09/2011 19:19] Admin Danhawk: CREATED ITEM #: 2353 1
[13/09/2011 19:19] Admin Danhawk: CREATED ITEM #: 2353 1
[13/09/2011 19:19] Admin Danhawk: CREATED ITEM #: 2353 1
[13/09/2011 19:19] Admin Danhawk: CREATED ITEM #: 2346 1
[13/09/2011 19:20] Admin Danhawk: CREATED ITEM #: 2312 1
[13/09/2011 19:23] Admin Danhawk: CREATED ITEM #: 1924 1
[13/09/2011 19:24] Admin Danhawk: CREATED ITEM #: 1945 1
[13/09/2011 19:25] Admin Danhawk: CREATED ITEM #: 6366 1
[13/09/2011 19:27] Admin Danhawk: CREATED ITEM #: 2113 1
[15/09/2011 21:49] Admin Danhawk: CREATED ITEM #: 2089 1
[15/09/2011 21:50] Admin Danhawk: CREATED ITEM #: 2086 1
[15/09/2011 21:50] Admin Danhawk: CREATED ITEM #: 2091 1
[15/09/2011 21:53] Admin Danhawk: CREATED ITEM #: 2113 1
[15/09/2011 21:53] Admin Danhawk: CREATED ITEM #: 2113 1
[15/09/2011 21:53] Admin Danhawk: CREATED ITEM #: 2113 1
[15/09/2011 21:53] Admin Danhawk: CREATED ITEM #: 2113 1
[15/09/2011 21:53] Admin Danhawk: CREATED ITEM #: 2113 1
[15/09/2011 21:53] Admin Danhawk: CREATED ITEM #: 2113 1
[15/09/2011 21:53] Admin Danhawk: CREATED ITEM #: 2113 1
[15/09/2011 21:53] Admin Danhawk: CREATED ITEM #: 2113 1
[15/09/2011 21:53] Admin Danhawk: CREATED ITEM #: 2113 1
[15/09/2011 21:53] Admin Danhawk: CREATED ITEM #: 2113 1
[15/09/2011 21:53] Admin Danhawk: CREATED ITEM #: 2113 1
[15/09/2011 21:53] Admin Danhawk: CREATED ITEM #: 2113 1
[15/09/2011 21:53] Admin Danhawk: CREATED ITEM #: 2113 1
[15/09/2011 21:55] Admin Danhawk: CREATED ITEM #: 2113 1
[15/09/2011 22:10] Admin Danhawk: CREATED ITEM #: 2269 1
[15/09/2011 22:11] Admin Danhawk: CREATED ITEM #: 2266 1
[15/09/2011 22:45] Admin Danhawk: CREATED ITEM #: 2291 1
[16/09/2011 13:22] Admin Danhawk: Let loose a wild: keeper of the abyss
[16/09/2011 13:22] Admin Danhawk: Let loose a wild: evil
[16/09/2011 13:23] Admin Danhawk: /addskill: fist admin danhawk 1
[16/09/2011 13:23] Admin Danhawk: /addskill: fist, admin danhawk 1
[16/09/2011 13:26] Admin Danhawk: /addskill: fist fighting, Admin Danhawk 1
[16/09/2011 13:26] Admin Danhawk: /addskill: 1, admin danhawk 1
[16/09/2011 13:26] Admin Danhawk: /addskill: 1, admin danhawk 1
[16/09/2011 13:26] Admin Danhawk: /addskill: 1, admin danhawk "1
[16/09/2011 13:26] Admin Danhawk: /addskill: 1, admin danhawk, 1
[16/09/2011 13:27] Admin Danhawk: /addskill: 1, Admin Danhawk, 1
[16/09/2011 13:27] Admin Danhawk: /addskill: fist, Admin Danhawk, 1
[16/09/2011 13:27] Admin Danhawk: /addskill: fist, Admin Danhawk, 9
[16/09/2011 13:27] Admin Danhawk: /addskill: fist fighting admin danhawk
[16/09/2011 13:27] Admin Danhawk: /addskill: fist fighting admin danhawk
[16/09/2011 13:27] Admin Danhawk: /addskill: fist fighting admin danhawk 1
[16/09/2011 13:27] Admin Danhawk: /addskill: fist fighting admin danhawk
[16/09/2011 13:27] Admin Danhawk: /addskill: fist fighting, admin danhawk
[16/09/2011 13:27] Admin Danhawk: /addskill: fist fighting, admin danhawk
[16/09/2011 13:27] Admin Danhawk: /addskill: Admin Danhawk, fist
[16/09/2011 13:29] Admin Danhawk: /addskill: fist 20 admin danhawk
[16/09/2011 13:29] Admin Danhawk: /addskill: fist 1 admin danhawk
[16/09/2011 13:29] Admin Danhawk: /addskill: fist 1 admin danhawk
[16/09/2011 13:29] Admin Danhawk: /addskill: fist 1 admin danhawk
[16/09/2011 13:29] Admin Danhawk: /addskill: fist 1 admin danhawk
[16/09/2011 13:29] Admin Danhawk: /addskill: fist 1 admin danhawk
[16/09/2011 13:29] Admin Danhawk: /addskill: fist 1 admin danhawk
[16/09/2011 13:29] Admin Danhawk: /addskill: fist 1 admin danhawk
[16/09/2011 13:29] Admin Danhawk: /addskill: fist 9999 admin danhawk
[16/09/2011 13:29] Admin Danhawk: /addskill: fist 9999 admin danhawk
[16/09/2011 13:29] Admin Danhawk: /addskill: fist 9999 admin danhawk
[16/09/2011 13:29] Admin Danhawk: /addskill: fist 9999 admin danhawk
[16/09/2011 13:29] Admin Danhawk: /addskill: fist 9999 admin danhawk
[16/09/2011 13:29] Admin Danhawk: /addskill: fist 9999 admin danhawk
[16/09/2011 13:29] Admin Danhawk: /addskill: fist 9999 admin danhawk
[16/09/2011 13:29] Admin Danhawk: /addskill: fist 9999 admin danhawk
[16/09/2011 13:29] Admin Danhawk: /addskill: fist 9999 admin danhawk
[16/09/2011 13:29] Admin Danhawk: /addskill: fist 9999999 admin danhawk
[16/09/2011 13:29] Admin Danhawk: /addskill: fist 9999999 admin danhawk
[16/09/2011 13:29] Admin Danhawk: /addskill: fist 9999999 admin danhawk
[16/09/2011 13:29] Admin Danhawk: /addskill: fist 9999999 admin danhawk
[16/09/2011 13:29] Admin Danhawk: /addskill: fist 9999999 admin danhawk
[16/09/2011 13:29] Admin Danhawk: /addskill: fist 9999999 admin danhawk
[16/09/2011 13:29] Admin Danhawk: /addskill: fist 9999999 admin danhawk
[16/09/2011 13:29] Admin Danhawk: /addskill: fist 9999999 admin danhawk
[16/09/2011 13:29] Admin Danhawk: /addskill: fist 9999999 admin danhawk
[16/09/2011 13:29] Admin Danhawk: /addskill: fist 9999999 admin danhawk
[16/09/2011 13:29] Admin Danhawk: /addskill: fist 9999999 admin danhawk
[16/09/2011 13:29] Admin Danhawk: /addskill: fist 9999999 admin danhawk
[16/09/2011 13:29] Admin Danhawk: /addskill: fist 9999999 admin danhawk
[16/09/2011 13:29] Admin Danhawk: /addskill: fist 9999999 admin danhawk
[16/09/2011 13:29] Admin Danhawk: /addskill: fist 9999999 admin danhawk
[16/09/2011 13:29] Admin Danhawk: /addskill: fist 9999999 admin danhawk
[16/09/2011 13:29] Admin Danhawk: /addskill: fist 9999999 admin danhawk
[16/09/2011 13:29] Admin Danhawk: /addskill: fist 9999999 admin danhawk
[16/09/2011 13:29] Admin Danhawk: /addskill: fist 9999999 admin danhawk
[16/09/2011 13:29] Admin Danhawk: /addskill: fist 9999999 admin danhawk
[16/09/2011 13:29] Admin Danhawk: /addskill: fist 9999999 admin danhawk
[16/09/2011 13:29] Admin Danhawk: /addskill: fist 9999999 admin danhawk
[16/09/2011 13:29] Admin Danhawk: /addskill: fist 9999999 admin danhawk
[16/09/2011 13:29] Admin Danhawk: /addskill: fist 9999999 admin danhawk
[16/09/2011 13:29] Admin Danhawk: /addskill: fist 9999999 admin danhawk
[16/09/2011 13:29] Admin Danhawk: /addskill: fist 9999999 admin danhawk
[16/09/2011 13:29] Admin Danhawk: /addskill: fist 9999999 admin danhawk
[16/09/2011 13:29] Admin Danhawk: /addskill: fist 9999999 admin danhawk
[16/09/2011 13:29] Admin Danhawk: /addskill: fist 9999999 admin danhawk
[16/09/2011 13:29] Admin Danhawk: /addskill: fist 9999999 admin danhawk
[16/09/2011 13:29] Admin Danhawk: /addskill: fist 9999999 admin danhawk
[16/09/2011 13:29] Admin Danhawk: /addskill: fist 9999999 admin danhawk
[16/09/2011 13:29] Admin Danhawk: /addskill: fist 9999999 admin danhawk
[16/09/2011 13:29] Admin Danhawk: /addskill: fist 9999999 admin danhawk
[16/09/2011 13:29] Admin Danhawk: /addskill: fist 9999999 admin danhawk
[16/09/2011 13:29] Admin Danhawk: /addskill: fist 9999999 admin danhawk
[16/09/2011 13:29] Admin Danhawk: /addskill: fist 9999999 admin danhawk
[16/09/2011 13:29] Admin Danhawk: /addskill: fist 9999999 admin danhawk
[16/09/2011 13:29] Admin Danhawk: /addskill: fist 9999999 admin danhawk
[16/09/2011 13:29] Admin Danhawk: /addskill: fist 9999999 admin danhawk
[16/09/2011 13:29] Admin Danhawk: /addskill: level 9999999 admin danhawk
[16/09/2011 13:29] Admin Danhawk: /addskill: level 9999999 admin danhawk
[16/09/2011 13:29] Admin Danhawk: /addskill: level 99999 admin danhawk
[16/09/2011 13:30] Admin Danhawk: /addskill: level 9999 admin danhawk
[16/09/2011 13:30] Admin Danhawk: /addskill: level 999 admin danhawk
[16/09/2011 13:30] Admin Danhawk: /addskill: level 1 admin danhawk
[16/09/2011 13:30] Admin Danhawk: /addskill: magic 999 admin danhawk
[16/09/2011 13:30] Admin Danhawk: /addskill: magic 999999 admin danhawk
[16/09/2011 13:30] Admin Danhawk: /addskill: magic 999999 admin danhawk
[16/09/2011 13:30] Admin Danhawk: /addskill: magic 999999 admin danhawk
[16/09/2011 13:30] Admin Danhawk: /addskill: magic 999999 admin danhawk
[16/09/2011 13:30] Admin Danhawk: /addskill: magic 999999999 admin danhawk
[16/09/2011 13:30] Admin Danhawk: /addskill: magic 999999999 admin danhawk
[16/09/2011 13:30] Admin Danhawk: /addskill: magic 999999999 admin danhawk
[16/09/2011 13:30] Admin Danhawk: /addskill: magic 999999999 admin danhawk
[16/09/2011 13:30] Admin Danhawk: /addskill: magic 999999999 admin danhawk
[16/09/2011 13:30] Admin Danhawk: /addskill: magic 999999999 admin danhawk
[16/09/2011 13:30] Admin Danhawk: /addskill: magic 999999999 admin danhawk
[16/09/2011 13:30] Admin Danhawk: /addskill: magic 999999999 admin danhawk
[16/09/2011 13:30] Admin Danhawk: /addskill: magic 999999999 admin danhawk
[16/09/2011 13:30] Admin Danhawk: /addskill: magic 99999999 admin danhawk
[16/09/2011 13:31] Admin Danhawk: /addskill: magic 99999999 admin danhawk
[16/09/2011 13:31] Admin Danhawk: /addskill: magic 99999999 admin danhawk
[16/09/2011 13:31] Admin Danhawk: /addskill: magic 99999999 admin danhawk
[16/09/2011 13:31] Admin Danhawk: /addskill: magic 99999999 admin danhawk
[16/09/2011 13:31] Admin Danhawk: /addskill: magic 99999999 admin danhawk
[16/09/2011 13:31] Admin Danhawk: /addskill: magic 99999999 admin danhawk
[16/09/2011 13:31] Admin Danhawk: /addskill: magic 99999999 admin danhawk
[16/09/2011 13:31] Admin Danhawk: /addskill: magic 99999999 admin danhawk
[16/09/2011 13:31] Admin Danhawk: /addskill: magic 99999999 admin danhawk
[16/09/2011 13:31] Admin Danhawk: /addskill: magic 99999999 admin danhawk
[16/09/2011 13:31] Admin Danhawk: /addskill: magic 99999999 admin danhawk
[16/09/2011 13:31] Admin Danhawk: /addskill: magic 99999999 admin danhawk
[16/09/2011 13:31] Admin Danhawk: /addskill: magic 99999999 admin danhawk
[16/09/2011 13:31] Admin Danhawk: /addskill: magic 99999999 admin danhawk
[16/09/2011 13:31] Admin Danhawk: /addskill: magic 99999999 admin danhawk
[16/09/2011 13:32] Admin Danhawk: /addskill: magic 99999 admin danhawk
[16/09/2011 13:32] Admin Danhawk: /addskill: magic 99999 admin danhawk
[16/09/2011 13:32] Admin Danhawk: /addskill: magic 99999 admin danhawk
[16/09/2011 13:32] Admin Danhawk: /addskill: magic 99999 admin danhawk
[16/09/2011 13:32] Admin Danhawk: /addskill: magic 9999 admin danhawk
[16/09/2011 13:32] Admin Danhawk: /addskill: magic 9999 admin danhawk
[16/09/2011 13:32] Admin Danhawk: /addskill: magic 9999 admin danhawk
[16/09/2011 13:32] Admin Danhawk: /addskill: magic 9999 admin danhawk
[16/09/2011 13:32] Admin Danhawk: /addskill: magic 9999 admin danhawk
[16/09/2011 13:32] Admin Danhawk: /addskill: magic 99999 admin danhawk
[16/09/2011 13:32] Admin Danhawk: /addskill: magic 99999 admin danhawk
[16/09/2011 13:32] Admin Danhawk: /addskill: magic 99999 admin danhawk
[16/09/2011 13:32] Admin Danhawk: /addskill: magic 999999 admin danhawk
[16/09/2011 13:32] Admin Danhawk: /addskill: magic 999999 admin danhawk
[16/09/2011 13:32] Admin Danhawk: /addskill: magic 999999 admin danhawk
[16/09/2011 13:32] Admin Danhawk: /addskill: magic 999999 admin danhawk
[16/09/2011 13:32] Admin Danhawk: /addskill: magic 999999 admin danhawk
[16/09/2011 13:32] Admin Danhawk: /addskill: magic 999999 admin danhawk
[16/09/2011 13:32] Admin Danhawk: /addskill: magic 999999 admin danhawk
[16/09/2011 13:32] Admin Danhawk: /addskill: magic 999999 admin danhawk
[16/09/2011 16:03] Admin Danhawk: Let loose a wild: lizard kking
[16/09/2011 16:03] Admin Danhawk: Let loose a wild: lizard king
[16/09/2011 16:03] Admin Danhawk: Let loose a wild: lizard king
[16/09/2011 16:04] Admin Danhawk: Let loose a wild: lizard king
[16/09/2011 16:04] Admin Danhawk: Let loose a wild: lizard king
[16/09/2011 16:04] Admin Danhawk: Let loose a wild: lizard king
[16/09/2011 16:04] Admin Danhawk: Let loose a wild: lizard king
[16/09/2011 16:04] Admin Danhawk: Let loose a wild: lizard king
[16/09/2011 16:04] Admin Danhawk: Let loose a wild: lizard king
[16/09/2011 16:04] Admin Danhawk: Let loose a wild: lizard king
[16/09/2011 16:04] Admin Danhawk: Let loose a wild: lizard king
[16/09/2011 16:04] Admin Danhawk: Let loose a wild: lizard king
[16/09/2011 16:04] Admin Danhawk: Let loose a wild: lizard king
[16/09/2011 16:04] Admin Danhawk: Let loose a wild: lizard king
[16/09/2011 16:04] Admin Danhawk: Let loose a wild: lizard king
[16/09/2011 16:04] Admin Danhawk: Let loose a wild: lizard king
[16/09/2011 16:04] Admin Danhawk: Let loose a wild: lizard king
[16/09/2011 16:04] Admin Danhawk: Let loose a wild: lizard king
[16/09/2011 16:04] Admin Danhawk: Let loose a wild: lizard king
[16/09/2011 16:04] Admin Danhawk: Let loose a wild: lizard king
[16/09/2011 16:04] Admin Danhawk: Let loose a wild: lizard king
[16/09/2011 16:04] Admin Danhawk: Let loose a wild: lizard king
[16/09/2011 16:04] Admin Danhawk: Let loose a wild: lizard king
[16/09/2011 16:05] Admin Danhawk: Let loose a wild: lizard king
[16/09/2011 16:05] Admin Danhawk: Let loose a wild: lizard king
[16/09/2011 16:05] Admin Danhawk: Let loose a wild: lizard king
[16/09/2011 16:05] Admin Danhawk: Let loose a wild: lizard king
[16/09/2011 16:05] Admin Danhawk: Let loose a wild: lizard king
[16/09/2011 16:05] Admin Danhawk: Let loose a wild: lizard king
[16/09/2011 16:05] Admin Danhawk: Let loose a wild: lizard king
[16/09/2011 16:05] Admin Danhawk: Let loose a wild: lizard king
[16/09/2011 16:05] Admin Danhawk: Let loose a wild: lizard king
[16/09/2011 16:05] Admin Danhawk: Let loose a wild: lizard king
[16/09/2011 16:05] Admin Danhawk: Let loose a wild: lizard king
[16/09/2011 16:05] Admin Danhawk: Let loose a wild: lizard king
[16/09/2011 16:05] Admin Danhawk: Let loose a wild: lizard king
[16/09/2011 16:05] Admin Danhawk: Let loose a wild: lizard king
[16/09/2011 16:05] Admin Danhawk: Let loose a wild: lizard king
[16/09/2011 16:05] Admin Danhawk: Let loose a wild: lizard king
[16/09/2011 16:05] Admin Danhawk: Let loose a wild: lizard king
[16/09/2011 16:05] Admin Danhawk: Let loose a wild: lizard king
[16/09/2011 16:05] Admin Danhawk: Let loose a wild: lizard king
[16/09/2011 16:05] Admin Danhawk: Let loose a wild: lizard king
[16/09/2011 16:05] Admin Danhawk: Let loose a wild: lizard king
[16/09/2011 16:05] Admin Danhawk: Let loose a wild: lizard king
[16/09/2011 16:05] Admin Danhawk: Let loose a wild: lizard king
[16/09/2011 16:05] Admin Danhawk: Let loose a wild: lizard king
[16/09/2011 16:05] Admin Danhawk: Let loose a wild: lizard king
[16/09/2011 16:05] Admin Danhawk: Let loose a wild: lizard king
[16/09/2011 16:05] Admin Danhawk: Let loose a wild: lizard king
[16/09/2011 16:05] Admin Danhawk: Let loose a wild: lizard king
[16/09/2011 16:05] Admin Danhawk: Let loose a wild: lizard king
[16/09/2011 16:05] Admin Danhawk: Let loose a wild: lizard king
[16/09/2011 16:05] Admin Danhawk: Let loose a wild: lizard king
[16/09/2011 16:05] Admin Danhawk: Let loose a wild: lizard king
[16/09/2011 16:05] Admin Danhawk: Let loose a wild: lizard king
[16/09/2011 16:06] Admin Danhawk: Let loose a wild: lizard king
[16/09/2011 16:06] Admin Danhawk: Let loose a wild: lizard king
[16/09/2011 16:06] Admin Danhawk: Let loose a wild: lizard king
[16/09/2011 16:06] Admin Danhawk: Let loose a wild: lizard king
[16/09/2011 16:06] Admin Danhawk: Let loose a wild: lizard king
[16/09/2011 16:06] Admin Danhawk: Let loose a wild: lizard king
[16/09/2011 16:06] Admin Danhawk: Let loose a wild: lizard king
[16/09/2011 16:06] Admin Danhawk: Let loose a wild: lizard king
[16/09/2011 16:06] Admin Danhawk: Let loose a wild: lizard king
[16/09/2011 16:06] Admin Danhawk: Let loose a wild: lizard king
[16/09/2011 16:06] Admin Danhawk: Let loose a wild: lizard king
[16/09/2011 16:06] Admin Danhawk: Let loose a wild: lizard king
[16/09/2011 16:06] Admin Danhawk: Let loose a wild: lizard king
[16/09/2011 16:06] Admin Danhawk: Let loose a wild: lizard king
[16/09/2011 16:06] Admin Danhawk: Let loose a wild: lizard king
[16/09/2011 16:06] Admin Danhawk: Let loose a wild: lizard king
[16/09/2011 16:06] Admin Danhawk: Let loose a wild: lizard king
[16/09/2011 16:06] Admin Danhawk: Let loose a wild: lizard king
[16/09/2011 16:06] Admin Danhawk: Let loose a wild: lizard king
[16/09/2011 16:06] Admin Danhawk: Let loose a wild: lizard king
[16/09/2011 16:06] Admin Danhawk: Let loose a wild: lizard king
[16/09/2011 16:06] Admin Danhawk: Let loose a wild: lizard king
[16/09/2011 16:06] Admin Danhawk: Let loose a wild: lizard king
[16/09/2011 16:06] Admin Danhawk: Let loose a wild: lizard king
[16/09/2011 16:06] Admin Danhawk: Let loose a wild: lizard king
[16/09/2011 16:06] Admin Danhawk: Let loose a wild: lizard king
[16/09/2011 16:06] Admin Danhawk: Let loose a wild: lizard king
[16/09/2011 16:06] Admin Danhawk: Let loose a wild: lizard king
[16/09/2011 16:06] Admin Danhawk: Let loose a wild: lizard king
[16/09/2011 16:06] Admin Danhawk: Let loose a wild: lizard king
[16/09/2011 16:06] Admin Danhawk: Let loose a wild: lizard king
[16/09/2011 16:06] Admin Danhawk: Let loose a wild: lizard king
[16/09/2011 16:06] Admin Danhawk: Let loose a wild: lizard king
[16/09/2011 16:06] Admin Danhawk: Let loose a wild: lizard king
[16/09/2011 16:06] Admin Danhawk: Let loose a wild: lizard king
[16/09/2011 16:06] Admin Danhawk: Let loose a wild: lizard king
[16/09/2011 16:06] Admin Danhawk: Let loose a wild: lizard king
[16/09/2011 16:06] Admin Danhawk: Let loose a wild: lizard king
[16/09/2011 16:06] Admin Danhawk: Let loose a wild: lizard king
[16/09/2011 16:06] Admin Danhawk: Let loose a wild: lizard king
[16/09/2011 16:06] Admin Danhawk: Let loose a wild: lizard king
[16/09/2011 16:06] Admin Danhawk: Let loose a wild: lizard king
[16/09/2011 16:06] Admin Danhawk: Let loose a wild: lizard king
[16/09/2011 16:06] Admin Danhawk: Let loose a wild: lizard king
[16/09/2011 16:06] Admin Danhawk: Let loose a wild: lizard king
[16/09/2011 16:06] Admin Danhawk: Let loose a wild: lizard king
[16/09/2011 16:07] Admin Danhawk: Let loose a wild: lizard king
[16/09/2011 16:07] Admin Danhawk: Let loose a wild: lizard king
[19/09/2011 20:38] Admin Danhawk: /outfit: 
[19/09/2011 20:38] Admin Danhawk: /outfit: 
[19/09/2011 20:48] Admin Danhawk: Let loose a wild: lizard king
[19/09/2011 20:48] Admin Danhawk: Let loose a wild: lizard king
[19/09/2011 20:48] Admin Danhawk: Let loose a wild: lizard king
[19/09/2011 20:48] Admin Danhawk: Let loose a wild: lizard king
[19/09/2011 20:48] Admin Danhawk: Let loose a wild: lizard king
[19/09/2011 20:48] Admin Danhawk: Let loose a wild: lizard king
[19/09/2011 20:48] Admin Danhawk: Let loose a wild: lizard king
[19/09/2011 20:48] Admin Danhawk: Let loose a wild: lizard king
[19/09/2011 20:48] Admin Danhawk: Let loose a wild: lizard king
[19/09/2011 20:48] Admin Danhawk: Let loose a wild: lizard king
[19/09/2011 20:48] Admin Danhawk: Let loose a wild: lizard king
[19/09/2011 20:48] Admin Danhawk: Let loose a wild: lizard king
[19/09/2011 20:48] Admin Danhawk: Let loose a wild: lizard king
[19/09/2011 20:48] Admin Danhawk: Let loose a wild: lizard king
[19/09/2011 20:48] Admin Danhawk: Let loose a wild: lizard king
[19/09/2011 20:48] Admin Danhawk: Let loose a wild: lizard king
[19/09/2011 20:48] Admin Danhawk: Let loose a wild: lizard king
[19/09/2011 20:48] Admin Danhawk: Let loose a wild: lizard king
[19/09/2011 20:48] Admin Danhawk: Let loose a wild: lizard king
[19/09/2011 20:48] Admin Danhawk: Let loose a wild: lizard king
[19/09/2011 20:48] Admin Danhawk: Let loose a wild: lizard king
[19/09/2011 20:48] Admin Danhawk: Let loose a wild: lizard king
[19/09/2011 20:48] Admin Danhawk: Let loose a wild: lizard king
[19/09/2011 20:48] Admin Danhawk: Let loose a wild: lizard king
[19/09/2011 20:48] Admin Danhawk: Let loose a wild: lizard king
[19/09/2011 20:48] Admin Danhawk: Let loose a wild: lizard king
[19/09/2011 20:48] Admin Danhawk: Let loose a wild: lizard king
[19/09/2011 20:48] Admin Danhawk: Let loose a wild: lizard king
[19/09/2011 20:48] Admin Danhawk: Let loose a wild: lizard king
[19/09/2011 20:48] Admin Danhawk: Let loose a wild: lizard king
[19/09/2011 20:48] Admin Danhawk: Let loose a wild: lizard king
[19/09/2011 20:48] Admin Danhawk: Let loose a wild: lizard king
[19/09/2011 20:48] Admin Danhawk: Let loose a wild: lizard king
[19/09/2011 20:48] Admin Danhawk: Let loose a wild: lizard king
[19/09/2011 20:48] Admin Danhawk: Let loose a wild: lizard king
[19/09/2011 20:49] Admin Danhawk: Let loose a wild: lizard king
[19/09/2011 20:49] Admin Danhawk: Let loose a wild: lizard king
[19/09/2011 20:49] Admin Danhawk: Let loose a wild: lizard king
[19/09/2011 20:49] Admin Danhawk: Let loose a wild: lizard king
[19/09/2011 20:49] Admin Danhawk: Let loose a wild: lizard king
[19/09/2011 20:49] Admin Danhawk: Let loose a wild: lizard king
[19/09/2011 20:49] Admin Danhawk: Let loose a wild: lizard king
[19/09/2011 20:49] Admin Danhawk: Let loose a wild: lizard king
[19/09/2011 20:49] Admin Danhawk: Let loose a wild: lizard king
[19/09/2011 20:49] Admin Danhawk: Let loose a wild: lizard king
[19/09/2011 20:49] Admin Danhawk: Let loose a wild: lizard king
[19/09/2011 20:49] Admin Danhawk: Let loose a wild: lizard king
[19/09/2011 20:49] Admin Danhawk: Let loose a wild: lizard king
[19/09/2011 20:49] Admin Danhawk: Let loose a wild: lizard king
[19/09/2011 20:49] Admin Danhawk: Let loose a wild: lizard king
[19/09/2011 20:49] Admin Danhawk: Let loose a wild: lizard king
[19/09/2011 20:49] Admin Danhawk: Let loose a wild: lizard king
[19/09/2011 20:49] Admin Danhawk: Let loose a wild: lizard king
[19/09/2011 20:49] Admin Danhawk: Let loose a wild: lizard king
[19/09/2011 20:49] Admin Danhawk: Let loose a wild: lizard king
[19/09/2011 20:49] Admin Danhawk: Let loose a wild: lizard king
[19/09/2011 20:49] Admin Danhawk: Let loose a wild: lizard king
[19/09/2011 20:49] Admin Danhawk: Let loose a wild: lizard king
[19/09/2011 20:49] Admin Danhawk: Let loose a wild: lizard king
[19/09/2011 20:49] Admin Danhawk: Let loose a wild: lizard king
[19/09/2011 20:49] Admin Danhawk: Let loose a wild: lizard king
[19/09/2011 20:49] Admin Danhawk: Let loose a wild: lizard king
[19/09/2011 20:49] Admin Danhawk: Let loose a wild: lizard king
[19/09/2011 20:49] Admin Danhawk: Let loose a wild: lizard king
[19/09/2011 20:49] Admin Danhawk: Let loose a wild: lizard king
[19/09/2011 20:49] Admin Danhawk: Let loose a wild: lizard king
[19/09/2011 20:49] Admin Danhawk: Let loose a wild: lizard king
[19/09/2011 20:49] Admin Danhawk: Let loose a wild: lizard king
[19/09/2011 20:49] Admin Danhawk: Let loose a wild: lizard king
[19/09/2011 20:49] Admin Danhawk: Let loose a wild: lizard king
[19/09/2011 20:50] Admin Danhawk: Let loose a wild: lizard king
[19/09/2011 20:50] Admin Danhawk: Let loose a wild: lizard king
[19/09/2011 20:50] Admin Danhawk: Let loose a wild: lizard king
[19/09/2011 20:50] Admin Danhawk: Let loose a wild: lizard king
[19/09/2011 20:50] Admin Danhawk: Let loose a wild: lizard king
[19/09/2011 20:50] Admin Danhawk: Let loose a wild: lizard king
[19/09/2011 20:51] Admin Danhawk: Let loose a wild: lizard king
[23/09/2011 22:14] Admin Danhawk: Let loose a wild: dwarf geomancer
[23/09/2011 22:15] Admin Danhawk: Let loose a wild: void terror
[23/09/2011 22:17] Admin Danhawk: Let loose a wild: lizard king
[23/09/2011 22:17] Admin Danhawk: Let loose a wild: lizard king
[23/09/2011 22:17] Admin Danhawk: Let loose a wild: lizard king
[23/09/2011 22:17] Admin Danhawk: Let loose a wild: lizard king
[23/09/2011 22:17] Admin Danhawk: Let loose a wild: lizard king
[23/09/2011 22:17] Admin Danhawk: Let loose a wild: lizard king
[23/09/2011 22:17] Admin Danhawk: Let loose a wild: lizard king
[23/09/2011 22:17] Admin Danhawk: Let loose a wild: lizard king
[23/09/2011 22:17] Admin Danhawk: Let loose a wild: lizard king
[23/09/2011 22:17] Admin Danhawk: Let loose a wild: lizard king
[23/09/2011 22:17] Admin Danhawk: Let loose a wild: lizard king
[23/09/2011 22:17] Admin Danhawk: Let loose a wild: lizard king
[23/09/2011 22:17] Admin Danhawk: Let loose a wild: lizard king
[23/09/2011 22:17] Admin Danhawk: Let loose a wild: lizard king
[23/09/2011 22:17] Admin Danhawk: Let loose a wild: lizard king
[23/09/2011 22:17] Admin Danhawk: Let loose a wild: lizard king
[23/09/2011 22:17] Admin Danhawk: Let loose a wild: lizard king
[23/09/2011 22:17] Admin Danhawk: Let loose a wild: lizard king
[23/09/2011 22:17] Admin Danhawk: Let loose a wild: lizard king
[23/09/2011 22:17] Admin Danhawk: Let loose a wild: lizard king
[23/09/2011 22:17] Admin Danhawk: Let loose a wild: lizard king
[23/09/2011 22:17] Admin Danhawk: Let loose a wild: lizard king
[23/09/2011 22:17] Admin Danhawk: Let loose a wild: lizard king
[23/09/2011 22:17] Admin Danhawk: Let loose a wild: lizard king
[23/09/2011 22:17] Admin Danhawk: Let loose a wild: lizard king
[23/09/2011 22:17] Admin Danhawk: Let loose a wild: lizard king
[23/09/2011 22:17] Admin Danhawk: Let loose a wild: lizard king
[23/09/2011 22:17] Admin Danhawk: Let loose a wild: lizard king
[23/09/2011 22:17] Admin Danhawk: Let loose a wild: lizard king
[23/09/2011 22:17] Admin Danhawk: Let loose a wild: lizard king
[23/09/2011 22:17] Admin Danhawk: Let loose a wild: lizard king
[23/09/2011 22:17] Admin Danhawk: Let loose a wild: lizard king
[23/09/2011 22:17] Admin Danhawk: Let loose a wild: lizard king
[23/09/2011 22:17] Admin Danhawk: Let loose a wild: lizard king
[23/09/2011 22:17] Admin Danhawk: Let loose a wild: lizard king
[23/09/2011 22:17] Admin Danhawk: Let loose a wild: lizard king
[23/09/2011 22:17] Admin Danhawk: Let loose a wild: lizard king
[23/09/2011 22:17] Admin Danhawk: Let loose a wild: lizard king
[23/09/2011 22:17] Admin Danhawk: Let loose a wild: lizard king
[23/09/2011 22:17] Admin Danhawk: Let loose a wild: lizard king
[23/09/2011 22:17] Admin Danhawk: Let loose a wild: lizard king
[23/09/2011 22:17] Admin Danhawk: Let loose a wild: lizard king
[23/09/2011 22:17] Admin Danhawk: Let loose a wild: lizard king
[23/09/2011 22:17] Admin Danhawk: Let loose a wild: lizard king
[23/09/2011 22:17] Admin Danhawk: Let loose a wild: lizard king
[23/09/2011 22:17] Admin Danhawk: Let loose a wild: lizard king
[23/09/2011 22:17] Admin Danhawk: Let loose a wild: lizard king
[23/09/2011 22:17] Admin Danhawk: Let loose a wild: lizard king
[23/09/2011 22:17] Admin Danhawk: Let loose a wild: lizard king
[23/09/2011 22:17] Admin Danhawk: Let loose a wild: lizard king
[23/09/2011 22:17] Admin Danhawk: Let loose a wild: lizard king
[23/09/2011 22:17] Admin Danhawk: Let loose a wild: lizard king
[23/09/2011 22:17] Admin Danhawk: Let loose a wild: lizard king
[23/09/2011 22:17] Admin Danhawk: Let loose a wild: lizard king
[23/09/2011 22:17] Admin Danhawk: Let loose a wild: lizard king
[23/09/2011 22:17] Admin Danhawk: Let loose a wild: lizard king
[23/09/2011 22:17] Admin Danhawk: Let loose a wild: lizard king
[23/09/2011 22:17] Admin Danhawk: Let loose a wild: lizard king
[23/09/2011 22:17] Admin Danhawk: Let loose a wild: lizard king
[23/09/2011 22:17] Admin Danhawk: Let loose a wild: lizard king
[23/09/2011 22:17] Admin Danhawk: Let loose a wild: lizard king
[23/09/2011 22:17] Admin Danhawk: Let loose a wild: lizard king
[23/09/2011 22:17] Admin Danhawk: Let loose a wild: lizard king
[23/09/2011 22:17] Admin Danhawk: Let loose a wild: lizard king
[23/09/2011 22:17] Admin Danhawk: Let loose a wild: lizard king
[23/09/2011 22:17] Admin Danhawk: Let loose a wild: lizard king
[23/09/2011 22:17] Admin Danhawk: Let loose a wild: lizard king
[23/09/2011 22:17] Admin Danhawk: Let loose a wild: lizard king
[23/09/2011 22:17] Admin Danhawk: Let loose a wild: lizard king
[23/09/2011 22:17] Admin Danhawk: Let loose a wild: lizard king
[23/09/2011 22:17] Admin Danhawk: Let loose a wild: lizard king
[23/09/2011 22:17] Admin Danhawk: Let loose a wild: lizard king
[23/09/2011 22:17] Admin Danhawk: Let loose a wild: lizard king
[23/09/2011 22:17] Admin Danhawk: Let loose a wild: lizard king
[23/09/2011 22:17] Admin Danhawk: Let loose a wild: lizard king
[23/09/2011 22:17] Admin Danhawk: Let loose a wild: lizard king
[23/09/2011 22:17] Admin Danhawk: Let loose a wild: lizard king
[23/09/2011 22:17] Admin Danhawk: Let loose a wild: lizard king
[23/09/2011 22:17] Admin Danhawk: Let loose a wild: lizard king
[23/09/2011 22:17] Admin Danhawk: Let loose a wild: lizard king
[23/09/2011 22:17] Admin Danhawk: Let loose a wild: lizard king
[23/09/2011 22:17] Admin Danhawk: Let loose a wild: lizard king
[23/09/2011 22:17] Admin Danhawk: Let loose a wild: lizard king
[23/09/2011 22:17] Admin Danhawk: Let loose a wild: lizard king
[23/09/2011 22:17] Admin Danhawk: Let loose a wild: lizard king
[23/09/2011 22:17] Admin Danhawk: Let loose a wild: lizard king
[23/09/2011 22:17] Admin Danhawk: Let loose a wild: lizard king
[23/09/2011 22:17] Admin Danhawk: Let loose a wild: lizard king
[23/09/2011 22:17] Admin Danhawk: Let loose a wild: lizard king
[23/09/2011 22:17] Admin Danhawk: Let loose a wild: lizard king
[23/09/2011 22:17] Admin Danhawk: Let loose a wild: lizard king
[23/09/2011 22:18] Admin Danhawk: Let loose a wild: lizard king
[23/09/2011 22:18] Admin Danhawk: Let loose a wild: lizard king
[23/09/2011 22:18] Admin Danhawk: Let loose a wild: lizard king
[23/09/2011 22:18] Admin Danhawk: Let loose a wild: lizard king
[23/09/2011 22:18] Admin Danhawk: Let loose a wild: lizard king
[23/09/2011 22:18] Admin Danhawk: Let loose a wild: lizard king
[23/09/2011 22:18] Admin Danhawk: Let loose a wild: lizard king
[23/09/2011 22:18] Admin Danhawk: Let loose a wild: lizard king
[23/09/2011 22:18] Admin Danhawk: Let loose a wild: lizard king
[23/09/2011 22:18] Admin Danhawk: Let loose a wild: lizard king
[23/09/2011 22:18] Admin Danhawk: Let loose a wild: lizard king
[23/09/2011 22:18] Admin Danhawk: Let loose a wild: lizard king
[23/09/2011 22:18] Admin Danhawk: Let loose a wild: lizard king
[23/09/2011 22:18] Admin Danhawk: Let loose a wild: lizard king
[23/09/2011 22:18] Admin Danhawk: Let loose a wild: lizard king
[23/09/2011 22:18] Admin Danhawk: Let loose a wild: lizard king
[23/09/2011 22:18] Admin Danhawk: Let loose a wild: lizard king
[23/09/2011 22:18] Admin Danhawk: Let loose a wild: lizard king
[23/09/2011 22:18] Admin Danhawk: Let loose a wild: lizard king
[23/09/2011 22:18] Admin Danhawk: Let loose a wild: lizard king
[23/09/2011 22:18] Admin Danhawk: Let loose a wild: lizard king
[23/09/2011 22:18] Admin Danhawk: Let loose a wild: lizard king
[23/09/2011 22:18] Admin Danhawk: Let loose a wild: lizard king
[23/09/2011 22:18] Admin Danhawk: Let loose a wild: lizard king
[23/09/2011 22:18] Admin Danhawk: Let loose a wild: lizard king
[23/09/2011 22:18] Admin Danhawk: Let loose a wild: lizard king
[23/09/2011 22:18] Admin Danhawk: Let loose a wild: lizard king
[23/09/2011 22:18] Admin Danhawk: Let loose a wild: lizard king
[23/09/2011 22:18] Admin Danhawk: Let loose a wild: lizard king
[23/09/2011 22:18] Admin Danhawk: Let loose a wild: lizard king
[23/09/2011 22:18] Admin Danhawk: Let loose a wild: lizard king
[23/09/2011 22:18] Admin Danhawk: Let loose a wild: lizard king
[23/09/2011 22:18] Admin Danhawk: Let loose a wild: lizard king
[23/09/2011 22:18] Admin Danhawk: Let loose a wild: lizard king
[23/09/2011 22:18] Admin Danhawk: Let loose a wild: dwarf geomancer
[23/09/2011 22:18] Admin Danhawk: Let loose a wild: dwarf geomancer
[23/09/2011 22:18] Admin Danhawk: Let loose a wild: dwarf geomancer
[23/09/2011 22:18] Admin Danhawk: Let loose a wild: dwarf geomancer
[23/09/2011 22:18] Admin Danhawk: Let loose a wild: dwarf geomancer
[23/09/2011 22:18] Admin Danhawk: Let loose a wild: dwarf geomancer
[23/09/2011 22:18] Admin Danhawk: Let loose a wild: dwarf geomancer
[23/09/2011 22:18] Admin Danhawk: Let loose a wild: dwarf geomancer
[23/09/2011 22:18] Admin Danhawk: Let loose a wild: dwarf geomancer
[23/09/2011 22:18] Admin Danhawk: Let loose a wild: dwarf geomancer
[23/09/2011 22:18] Admin Danhawk: Let loose a wild: dwarf geomancer
[23/09/2011 22:18] Admin Danhawk: Let loose a wild: dwarf geomancer
[23/09/2011 22:18] Admin Danhawk: Let loose a wild: dwarf geomancer
[23/09/2011 22:18] Admin Danhawk: Let loose a wild: dwarf geomancer
[23/09/2011 22:18] Admin Danhawk: Let loose a wild: dwarf geomancer
[23/09/2011 22:18] Admin Danhawk: Let loose a wild: dwarf geomancer
[23/09/2011 22:18] Admin Danhawk: Let loose a wild: dwarf geomancer
[23/09/2011 22:18] Admin Danhawk: Let loose a wild: dwarf geomancer
[23/09/2011 22:18] Admin Danhawk: Let loose a wild: dwarf geomancer
[23/09/2011 22:18] Admin Danhawk: Let loose a wild: dwarf geomancer
[23/09/2011 22:18] Admin Danhawk: Let loose a wild: dwarf geomancer
[23/09/2011 22:18] Admin Danhawk: Let loose a wild: dwarf geomancer
[23/09/2011 22:18] Admin Danhawk: Let loose a wild: dwarf geomancer
[23/09/2011 22:18] Admin Danhawk: Let loose a wild: dwarf geomancer
[23/09/2011 22:18] Admin Danhawk: Let loose a wild: dwarf geomancer
[23/09/2011 22:18] Admin Danhawk: Let loose a wild: dwarf geomancer
[23/09/2011 22:18] Admin Danhawk: Let loose a wild: dwarf geomancer
[23/09/2011 22:18] Admin Danhawk: Let loose a wild: dwarf geomancer
[23/09/2011 22:18] Admin Danhawk: Let loose a wild: dwarf geomancer
[23/09/2011 22:18] Admin Danhawk: Let loose a wild: dwarf geomancer
[23/09/2011 22:18] Admin Danhawk: Let loose a wild: dwarf geomancer
[23/09/2011 22:19] Admin Danhawk: Let loose a wild: arthas
[23/09/2011 22:19] Admin Danhawk: Let loose a wild: dwarf geomancer
[23/09/2011 22:20] Admin Danhawk: Let loose a wild: dwarf geomancer
[23/09/2011 22:21] Admin Danhawk: Let loose a wild: void terror
[23/09/2011 22:21] Admin Danhawk: Let loose a wild: lizard king
[23/09/2011 22:21] Admin Danhawk: Let loose a wild: lizard king
[23/09/2011 22:22] Admin Danhawk: Let loose a wild: sou destroyer
[23/09/2011 22:22] Admin Danhawk: Let loose a wild: soul destroyer
[23/09/2011 22:22] Admin Danhawk: Let loose a wild: soul destroyer
[23/09/2011 22:22] Admin Danhawk: Let loose a wild: soul destroyer
[23/09/2011 22:22] Admin Danhawk: Let loose a wild: soul destroyer
[23/09/2011 22:22] Admin Danhawk: Let loose a wild: soul destroyer
[23/09/2011 22:22] Admin Danhawk: Let loose a wild: soul destroyer
[23/09/2011 22:22] Admin Danhawk: Let loose a wild: soul destroyer
[23/09/2011 22:22] Admin Danhawk: Let loose a wild: soul destroyer
[23/09/2011 22:22] Admin Danhawk: Let loose a wild: soul destroyer
[23/09/2011 22:22] Admin Danhawk: Let loose a wild: soul destroyer
[23/09/2011 22:22] Admin Danhawk: Let loose a wild: soul destroyer
[23/09/2011 22:22] Admin Danhawk: Let loose a wild: soul destroyer
[23/09/2011 22:22] Admin Danhawk: Let loose a wild: soul destroyer
[23/09/2011 22:22] Admin Danhawk: Let loose a wild: soul destroyer
[23/09/2011 22:22] Admin Danhawk: Let loose a wild: soul destroyer
[23/09/2011 22:22] Admin Danhawk: Let loose a wild: soul destroyer
[23/09/2011 22:22] Admin Danhawk: Let loose a wild: soul destroyer
[23/09/2011 22:22] Admin Danhawk: Let loose a wild: soul destroyer
[23/09/2011 22:22] Admin Danhawk: Let loose a wild: soul destroyer
[23/09/2011 22:22] Admin Danhawk: Let loose a wild: soul destroyer
[23/09/2011 22:22] Admin Danhawk: Let loose a wild: soul destroyer
[23/09/2011 22:22] Admin Danhawk: Let loose a wild: soul destroyer
[23/09/2011 22:22] Admin Danhawk: Let loose a wild: soul destroyer
[23/09/2011 22:22] Admin Danhawk: Let loose a wild: soul destroyer
[23/09/2011 22:22] Admin Danhawk: Let loose a wild: soul destroyer
[23/09/2011 22:22] Admin Danhawk: Let loose a wild: soul destroyer
[23/09/2011 22:22] Admin Danhawk: Let loose a wild: soul destroyer
[23/09/2011 22:22] Admin Danhawk: Let loose a wild: soul destroyer
[23/09/2011 22:22] Admin Danhawk: Let loose a wild: soul destroyer
[23/09/2011 22:22] Admin Danhawk: Let loose a wild: soul destroyer
[23/09/2011 22:22] Admin Danhawk: Let loose a wild: soul destroyer
[23/09/2011 22:22] Admin Danhawk: Let loose a wild: soul destroyer
[23/09/2011 22:22] Admin Danhawk: Let loose a wild: soul destroyer
[23/09/2011 22:22] Admin Danhawk: Let loose a wild: soul destroyer
[23/09/2011 22:22] Admin Danhawk: Let loose a wild: soul destroyer
[23/09/2011 22:22] Admin Danhawk: Let loose a wild: soul destroyer
[23/09/2011 22:22] Admin Danhawk: Let loose a wild: soul destroyer
[23/09/2011 22:22] Admin Danhawk: Let loose a wild: soul destroyer
[23/09/2011 22:22] Admin Danhawk: Let loose a wild: soul destroyer
[23/09/2011 22:22] Admin Danhawk: Let loose a wild: soul destroyer
[23/09/2011 22:22] Admin Danhawk: Let loose a wild: soul destroyer
[23/09/2011 22:22] Admin Danhawk: Let loose a wild: soul destroyer
[23/09/2011 22:22] Admin Danhawk: Let loose a wild: soul destroyer
[23/09/2011 22:22] Admin Danhawk: Let loose a wild: soul destroyer
[23/09/2011 22:22] Admin Danhawk: Let loose a wild: soul destroyer
[23/09/2011 22:22] Admin Danhawk: Let loose a wild: soul destroyer
[23/09/2011 22:22] Admin Danhawk: Let loose a wild: soul destroyer
[23/09/2011 22:22] Admin Danhawk: Let loose a wild: soul destroyer
[23/09/2011 22:22] Admin Danhawk: Let loose a wild: soul destroyer
[23/09/2011 22:22] Admin Danhawk: Let loose a wild: soul destroyer
[23/09/2011 22:22] Admin Danhawk: Let loose a wild: soul destroyer
[23/09/2011 22:22] Admin Danhawk: Let loose a wild: soul destroyer
[23/09/2011 22:22] Admin Danhawk: Let loose a wild: soul destroyer
[23/09/2011 22:22] Admin Danhawk: Let loose a wild: soul destroyer
[23/09/2011 22:22] Admin Danhawk: Let loose a wild: soul destroyer
[23/09/2011 22:22] Admin Danhawk: Let loose a wild: soul destroyer
[23/09/2011 22:22] Admin Danhawk: Let loose a wild: soul destroyer
[23/09/2011 22:22] Admin Danhawk: Let loose a wild: soul destroyer
[23/09/2011 22:22] Admin Danhawk: Let loose a wild: soul destroyer
[23/09/2011 22:22] Admin Danhawk: Let loose a wild: soul destroyer
[23/09/2011 22:22] Admin Danhawk: Let loose a wild: soul destroyer
[23/09/2011 22:22] Admin Danhawk: Let loose a wild: soul destroyer
[23/09/2011 22:22] Admin Danhawk: Let loose a wild: soul destroyer
[23/09/2011 22:22] Admin Danhawk: Let loose a wild: soul destroyer
[23/09/2011 22:22] Admin Danhawk: Let loose a wild: soul destroyer
[23/09/2011 22:22] Admin Danhawk: Let loose a wild: soul destroyer
[23/09/2011 22:22] Admin Danhawk: Let loose a wild: soul destroyer
[23/09/2011 22:22] Admin Danhawk: Let loose a wild: soul destroyer
[23/09/2011 22:22] Admin Danhawk: Let loose a wild: soul destroyer
[23/09/2011 22:22] Admin Danhawk: Let loose a wild: soul destroyer
[23/09/2011 22:22] Admin Danhawk: Let loose a wild: soul destroyer
[23/09/2011 22:22] Admin Danhawk: Let loose a wild: soul destroyer
[23/09/2011 22:22] Admin Danhawk: Let loose a wild: soul destroyer
[23/09/2011 22:22] Admin Danhawk: Let loose a wild: soul destroyer
[23/09/2011 22:22] Admin Danhawk: Let loose a wild: soul destroyer
[23/09/2011 22:22] Admin Danhawk: Let loose a wild: soul destroyer
[23/09/2011 22:22] Admin Danhawk: Let loose a wild: soul destroyer
[23/09/2011 22:22] Admin Danhawk: Let loose a wild: soul destroyer
[23/09/2011 22:22] Admin Danhawk: Let loose a wild: soul destroyer
[23/09/2011 22:22] Admin Danhawk: Let loose a wild: soul destroyer
[23/09/2011 22:22] Admin Danhawk: Let loose a wild: soul destroyer
[23/09/2011 22:23] Admin Danhawk: Let loose a wild: soul destroyer
[23/09/2011 22:23] Admin Danhawk: Let loose a wild: soul destroyer
[23/09/2011 22:23] Admin Danhawk: Let loose a wild: soul destroyer
[23/09/2011 22:23] Admin Danhawk: Let loose a wild: soul destroyer
[23/09/2011 22:23] Admin Danhawk: Let loose a wild: soul destroyer
[23/09/2011 22:23] Admin Danhawk: Let loose a wild: soul destroyer
[23/09/2011 22:23] Admin Danhawk: Let loose a wild: soul destroyer
[23/09/2011 22:23] Admin Danhawk: Let loose a wild: soul destroyer
[23/09/2011 22:23] Admin Danhawk: Let loose a wild: soul destroyer
[23/09/2011 22:23] Admin Danhawk: Let loose a wild: soul destroyer
[23/09/2011 22:23] Admin Danhawk: Let loose a wild: soul destroyer
[23/09/2011 22:23] Admin Danhawk: Let loose a wild: soul destroyer
[23/09/2011 22:23] Admin Danhawk: Let loose a wild: soul destroyer
[23/09/2011 22:23] Admin Danhawk: Let loose a wild: soul destroyer
[23/09/2011 22:23] Admin Danhawk: Let loose a wild: soul destroyer
[23/09/2011 22:23] Admin Danhawk: Let loose a wild: soul destroyer
[23/09/2011 22:23] Admin Danhawk: Let loose a wild: soul destroyer
[23/09/2011 22:23] Admin Danhawk: Let loose a wild: soul destroyer
[23/09/2011 22:23] Admin Danhawk: Let loose a wild: soul destroyer
[23/09/2011 22:23] Admin Danhawk: Let loose a wild: soul destroyer
[23/09/2011 22:23] Admin Danhawk: Let loose a wild: soul destroyer
[23/09/2011 22:23] Admin Danhawk: Let loose a wild: soul destroyer
[23/09/2011 22:23] Admin Danhawk: Let loose a wild: soul destroyer
[23/09/2011 22:23] Admin Danhawk: Let loose a wild: soul destroyer
[23/09/2011 22:23] Admin Danhawk: Let loose a wild: soul destroyer
[23/09/2011 22:23] Admin Danhawk: Let loose a wild: soul destroyer
[23/09/2011 22:23] Admin Danhawk: Let loose a wild: soul destroyer
[23/09/2011 22:23] Admin Danhawk: Let loose a wild: soul destroyer
[23/09/2011 22:23] Admin Danhawk: Let loose a wild: soul destroyer
[23/09/2011 22:23] Admin Danhawk: Let loose a wild: soul destroyer
[23/09/2011 22:23] Admin Danhawk: Let loose a wild: soul destroyer
[23/09/2011 22:23] Admin Danhawk: Let loose a wild: soul destroyer
[23/09/2011 22:23] Admin Danhawk: Let loose a wild: soul destroyer
[23/09/2011 22:23] Admin Danhawk: Let loose a wild: soul destroyer
[23/09/2011 22:23] Admin Danhawk: Let loose a wild: soul destroyer
[23/09/2011 22:23] Admin Danhawk: Let loose a wild: soul destroyer
[23/09/2011 22:23] Admin Danhawk: Let loose a wild: soul destroyer
[23/09/2011 22:23] Admin Danhawk: Let loose a wild: soul destroyer
[23/09/2011 22:23] Admin Danhawk: Let loose a wild: soul destroyer
[23/09/2011 22:23] Admin Danhawk: Let loose a wild: soul destroyer
[23/09/2011 22:23] Admin Danhawk: Let loose a wild: soul destroyer
[23/09/2011 22:23] Admin Danhawk: Let loose a wild: soul destroyer
[23/09/2011 22:23] Admin Danhawk: Let loose a wild: soul destroyer
[23/09/2011 22:23] Admin Danhawk: Let loose a wild: soul destroyer
[23/09/2011 22:23] Admin Danhawk: Let loose a wild: soul destroyer
[23/09/2011 22:23] Admin Danhawk: Let loose a wild: soul destroyer
[23/09/2011 22:23] Admin Danhawk: Let loose a wild: soul destroyer
[23/09/2011 22:23] Admin Danhawk: Let loose a wild: soul destroyer
[23/09/2011 22:23] Admin Danhawk: Let loose a wild: soul destroyer
[23/09/2011 22:23] Admin Danhawk: Let loose a wild: soul destroyer
[23/09/2011 22:23] Admin Danhawk: Let loose a wild: soul destroyer
[23/09/2011 22:23] Admin Danhawk: Let loose a wild: soul destroyer
[23/09/2011 22:23] Admin Danhawk: Let loose a wild: soul destroyer
[23/09/2011 22:23] Admin Danhawk: Let loose a wild: soul destroyer
[23/09/2011 22:23] Admin Danhawk: Let loose a wild: soul destroyer
[23/09/2011 22:23] Admin Danhawk: Let loose a wild: soul destroyer
[23/09/2011 22:23] Admin Danhawk: Let loose a wild: soul destroyer
[23/09/2011 22:23] Admin Danhawk: Let loose a wild: soul destroyer
[23/09/2011 22:23] Admin Danhawk: Let loose a wild: soul destroyer
[23/09/2011 22:23] Admin Danhawk: Let loose a wild: soul destroyer
[23/09/2011 22:23] Admin Danhawk: Let loose a wild: soul destroyer
[23/09/2011 22:23] Admin Danhawk: Let loose a wild: soul destroyer
[23/09/2011 22:24] Admin Danhawk: Let loose a wild: soul destroyer
[23/09/2011 22:24] Admin Danhawk: Let loose a wild: soul destroyer
[23/09/2011 22:24] Admin Danhawk: Let loose a wild: soul destroyer
[23/09/2011 22:24] Admin Danhawk: Let loose a wild: soul destroyer
[23/09/2011 22:24] Admin Danhawk: Let loose a wild: soul destroyer
[23/09/2011 22:24] Admin Danhawk: Let loose a wild: soul destroyer
[23/09/2011 22:24] Admin Danhawk: Let loose a wild: soul destroyer
[23/09/2011 22:24] Admin Danhawk: Let loose a wild: soul destroyer
[23/09/2011 22:24] Admin Danhawk: Let loose a wild: soul destroyer
[23/09/2011 22:24] Admin Danhawk: Let loose a wild: soul destroyer
[23/09/2011 22:24] Admin Danhawk: Let loose a wild: soul destroyer
[23/09/2011 22:24] Admin Danhawk: Let loose a wild: soul destroyer
[23/09/2011 22:24] Admin Danhawk: Let loose a wild: soul destroyer
[23/09/2011 22:24] Admin Danhawk: Let loose a wild: soul destroyer
[23/09/2011 22:24] Admin Danhawk: Let loose a wild: soul destroyer
[23/09/2011 22:24] Admin Danhawk: Let loose a wild: soul destroyer
[23/09/2011 22:24] Admin Danhawk: Let loose a wild: soul destroyer
[23/09/2011 22:24] Admin Danhawk: Let loose a wild: soul destroyer
[23/09/2011 22:24] Admin Danhawk: Let loose a wild: soul destroyer
[23/09/2011 22:24] Admin Danhawk: Let loose a wild: soul destroyer
[23/09/2011 22:24] Admin Danhawk: Let loose a wild: soul destroyer
[23/09/2011 22:24] Admin Danhawk: Let loose a wild: soul destroyer
[23/09/2011 22:24] Admin Danhawk: Let loose a wild: soul destroyer
[23/09/2011 22:24] Admin Danhawk: Let loose a wild: soul destroyer
[23/09/2011 22:24] Admin Danhawk: Let loose a wild: soul destroyer
[23/09/2011 22:24] Admin Danhawk: Let loose a wild: soul destroyer
[23/09/2011 22:24] Admin Danhawk: Let loose a wild: soul destroyer
[23/09/2011 22:24] Admin Danhawk: Let loose a wild: soul destroyer
[23/09/2011 22:24] Admin Danhawk: Let loose a wild: soul destroyer
[23/09/2011 22:24] Admin Danhawk: Let loose a wild: soul destroyer
[23/09/2011 22:24] Admin Danhawk: Let loose a wild: soul destroyer
[23/09/2011 22:26] Admin Danhawk: Let loose a wild: soul destroyer
[24/10/2011 15:05] Admin Danhawk: Let loose a wild: soul destroyer
[24/10/2011 15:05] Admin Danhawk: Let loose a wild: soul destroyer
[24/10/2011 15:05] Admin Danhawk: Let loose a wild: soul destroyer
[24/10/2011 15:05] Admin Danhawk: Let loose a wild: soul destroyer
[24/10/2011 15:05] Admin Danhawk: Let loose a wild: soul destroyer
[24/10/2011 15:05] Admin Danhawk: Let loose a wild: soul destroyer
[24/10/2011 15:05] Admin Danhawk: Let loose a wild: soul destroyer
[24/10/2011 15:05] Admin Danhawk: Let loose a wild: soul destroyer
[24/10/2011 15:05] Admin Danhawk: Let loose a wild: soul destroyer
[24/10/2011 15:05] Admin Danhawk: Let loose a wild: soul destroyer
[24/10/2011 15:05] Admin Danhawk: Let loose a wild: soul destroyer
[24/10/2011 15:05] Admin Danhawk: Let loose a wild: soul destroyer
[24/10/2011 15:05] Admin Danhawk: Let loose a wild: soul destroyer
[24/10/2011 15:05] Admin Danhawk: Let loose a wild: soul destroyer
[24/10/2011 15:05] Admin Danhawk: Let loose a wild: soul destroyer
[24/10/2011 15:05] Admin Danhawk: Let loose a wild: soul destroyer
[24/10/2011 15:05] Admin Danhawk: Let loose a wild: soul destroyer
[24/10/2011 15:05] Admin Danhawk: Let loose a wild: soul destroyer
[24/10/2011 15:05] Admin Danhawk: Let loose a wild: soul destroyer
[24/10/2011 15:05] Admin Danhawk: Let loose a wild: soul destroyer
[24/10/2011 15:06] Admin Danhawk: Let loose a wild: soul destroyer
[24/10/2011 15:06] Admin Danhawk: Let loose a wild: soul destroyer
[24/10/2011 15:06] Admin Danhawk: Let loose a wild: soul destroyer
[24/10/2011 15:06] Admin Danhawk: Let loose a wild: soul destroyer
[24/10/2011 15:06] Admin Danhawk: Let loose a wild: soul destroyer
[24/10/2011 15:06] Admin Danhawk: Let loose a wild: soul destroyer
[24/10/2011 15:06] Admin Danhawk: Let loose a wild: soul destroyer
[24/10/2011 15:06] Admin Danhawk: Let loose a wild: soul destroyer
[24/10/2011 15:06] Admin Danhawk: Let loose a wild: soul destroyer
[24/10/2011 15:06] Admin Danhawk: Let loose a wild: soul destroyer
[24/10/2011 15:06] Admin Danhawk: Let loose a wild: soul destroyer
[24/10/2011 15:06] Admin Danhawk: Let loose a wild: soul destroyer
[24/10/2011 15:06] Admin Danhawk: Let loose a wild: soul destroyer
[24/10/2011 15:06] Admin Danhawk: Let loose a wild: soul destroyer
[24/10/2011 15:06] Admin Danhawk: Let loose a wild: soul destroyer
[24/10/2011 15:06] Admin Danhawk: Let loose a wild: soul destroyer
[24/10/2011 15:06] Admin Danhawk: Let loose a wild: soul destroyer
[24/10/2011 15:06] Admin Danhawk: Let loose a wild: soul destroyer
[24/10/2011 15:06] Admin Danhawk: Let loose a wild: soul destroyer
[24/10/2011 15:06] Admin Danhawk: Let loose a wild: soul destroyer
[24/10/2011 15:06] Admin Danhawk: Let loose a wild: soul destroyer
[24/10/2011 15:06] Admin Danhawk: Let loose a wild: soul destroyer
[24/10/2011 15:06] Admin Danhawk: Let loose a wild: soul destroyer
[24/10/2011 15:06] Admin Danhawk: Let loose a wild: soul destroyer
[24/10/2011 15:06] Admin Danhawk: Let loose a wild: soul destroyer
[24/10/2011 15:06] Admin Danhawk: Let loose a wild: soul destroyer
[24/10/2011 15:06] Admin Danhawk: Let loose a wild: soul destroyer
[24/10/2011 15:06] Admin Danhawk: Let loose a wild: soul destroyer
[24/10/2011 15:06] Admin Danhawk: Let loose a wild: soul destroyer
[24/10/2011 15:06] Admin Danhawk: Let loose a wild: soul destroyer
[24/10/2011 15:06] Admin Danhawk: Let loose a wild: soul destroyer
[24/10/2011 15:06] Admin Danhawk: Let loose a wild: soul destroyer
[24/10/2011 15:06] Admin Danhawk: Let loose a wild: soul destroyer
[24/10/2011 15:06] Admin Danhawk: Let loose a wild: soul destroyer
[24/10/2011 15:06] Admin Danhawk: Let loose a wild: soul destroyer
[24/10/2011 15:06] Admin Danhawk: Let loose a wild: soul destroyer
[24/10/2011 15:06] Admin Danhawk: Let loose a wild: soul destroyer
[24/10/2011 15:06] Admin Danhawk: Let loose a wild: soul destroyer
[24/10/2011 15:06] Admin Danhawk: Let loose a wild: soul destroyer
[24/10/2011 15:06] Admin Danhawk: Let loose a wild: soul destroyer
[24/10/2011 15:06] Admin Danhawk: Let loose a wild: soul destroyer
[24/10/2011 15:06] Admin Danhawk: Let loose a wild: soul destroyer
[24/10/2011 15:06] Admin Danhawk: Let loose a wild: soul destroyer
[24/10/2011 15:06] Admin Danhawk: Let loose a wild: soul destroyer
[24/10/2011 15:06] Admin Danhawk: Let loose a wild: soul destroyer
[24/10/2011 15:06] Admin Danhawk: Let loose a wild: soul destroyer
[24/10/2011 15:06] Admin Danhawk: Let loose a wild: soul destroyer
[24/10/2011 15:06] Admin Danhawk: Let loose a wild: soul destroyer
[24/10/2011 15:06] Admin Danhawk: Let loose a wild: soul destroyer
[24/10/2011 15:06] Admin Danhawk: Let loose a wild: soul destroyer
[24/10/2011 15:06] Admin Danhawk: Let loose a wild: soul destroyer
[24/10/2011 15:06] Admin Danhawk: Let loose a wild: soul destroyer
[24/10/2011 15:06] Admin Danhawk: Let loose a wild: soul destroyer
[24/10/2011 15:06] Admin Danhawk: Let loose a wild: soul destroyer
[24/10/2011 15:06] Admin Danhawk: Let loose a wild: soul destroyer
[24/10/2011 15:06] Admin Danhawk: Let loose a wild: soul destroyer
[24/10/2011 15:06] Admin Danhawk: Let loose a wild: soul destroyer
[24/10/2011 15:06] Admin Danhawk: Let loose a wild: soul destroyer
[24/10/2011 15:06] Admin Danhawk: Let loose a wild: soul destroyer
[24/10/2011 15:06] Admin Danhawk: Let loose a wild: soul destroyer
[24/10/2011 15:06] Admin Danhawk: Let loose a wild: soul destroyer
[24/10/2011 15:06] Admin Danhawk: Let loose a wild: soul destroyer
[24/10/2011 15:06] Admin Danhawk: Let loose a wild: soul destroyer
[24/10/2011 15:06] Admin Danhawk: Let loose a wild: soul destroyer
[24/10/2011 15:06] Admin Danhawk: Let loose a wild: soul destroyer
[24/10/2011 15:06] Admin Danhawk: Let loose a wild: soul destroyer
[24/10/2011 15:06] Admin Danhawk: Let loose a wild: soul destroyer
[24/10/2011 15:06] Admin Danhawk: Let loose a wild: soul destroyer
[24/10/2011 15:06] Admin Danhawk: Let loose a wild: soul destroyer
[24/10/2011 15:06] Admin Danhawk: Let loose a wild: soul destroyer
[24/10/2011 15:06] Admin Danhawk: Let loose a wild: soul destroyer
[24/10/2011 15:06] Admin Danhawk: Let loose a wild: soul destroyer
[24/10/2011 15:06] Admin Danhawk: Let loose a wild: soul destroyer
[24/10/2011 15:06] Admin Danhawk: Let loose a wild: soul destroyer
[24/10/2011 15:06] Admin Danhawk: Let loose a wild: soul destroyer
[24/10/2011 15:06] Admin Danhawk: Let loose a wild: soul destroyer
[24/10/2011 15:06] Admin Danhawk: Let loose a wild: soul destroyer
[24/10/2011 15:06] Admin Danhawk: Let loose a wild: soul destroyer
[24/10/2011 15:06] Admin Danhawk: Let loose a wild: soul destroyer
[24/10/2011 15:06] Admin Danhawk: Let loose a wild: soul destroyer
[24/10/2011 15:06] Admin Danhawk: Let loose a wild: soul destroyer
[24/10/2011 15:06] Admin Danhawk: Let loose a wild: soul destroyer
[24/10/2011 15:06] Admin Danhawk: Let loose a wild: soul destroyer
[24/10/2011 15:06] Admin Danhawk: Let loose a wild: soul destroyer
[24/10/2011 15:06] Admin Danhawk: Let loose a wild: soul destroyer
[24/10/2011 15:06] Admin Danhawk: Let loose a wild: soul destroyer
[24/10/2011 15:06] Admin Danhawk: Let loose a wild: soul destroyer
[24/10/2011 15:06] Admin Danhawk: Let loose a wild: soul destroyer
[24/10/2011 15:06] Admin Danhawk: Let loose a wild: soul destroyer
[24/10/2011 15:06] Admin Danhawk: Let loose a wild: soul destroyer
[24/10/2011 15:06] Admin Danhawk: Let loose a wild: soul destroyer
[24/10/2011 15:06] Admin Danhawk: Let loose a wild: soul destroyer
[24/10/2011 15:06] Admin Danhawk: Let loose a wild: soul destroyer
[24/10/2011 15:06] Admin Danhawk: Let loose a wild: soul destroyer
[24/10/2011 15:06] Admin Danhawk: Let loose a wild: soul destroyer
[24/10/2011 15:06] Admin Danhawk: Let loose a wild: soul destroyer
[24/10/2011 15:06] Admin Danhawk: Let loose a wild: soul destroyer
[24/10/2011 15:06] Admin Danhawk: Let loose a wild: soul destroyer
[24/10/2011 15:06] Admin Danhawk: Let loose a wild: soul destroyer
[24/10/2011 15:06] Admin Danhawk: Let loose a wild: soul destroyer
[24/10/2011 15:06] Admin Danhawk: Let loose a wild: soul destroyer
[24/10/2011 15:06] Admin Danhawk: Let loose a wild: soul destroyer
[24/10/2011 15:06] Admin Danhawk: Let loose a wild: soul destroyer
[24/10/2011 15:06] Admin Danhawk: Let loose a wild: soul destroyer
[24/10/2011 15:06] Admin Danhawk: Let loose a wild: soul destroyer
[24/10/2011 15:06] Admin Danhawk: Let loose a wild: soul destroyer
[24/10/2011 15:06] Admin Danhawk: Let loose a wild: soul destroyer
[24/10/2011 15:06] Admin Danhawk: Let loose a wild: soul destroyer
[24/10/2011 15:06] Admin Danhawk: Let loose a wild: soul destroyer
[24/10/2011 15:06] Admin Danhawk: Let loose a wild: soul destroyer
[24/10/2011 15:06] Admin Danhawk: Let loose a wild: soul destroyer
[24/10/2011 15:06] Admin Danhawk: Let loose a wild: soul destroyer
[24/10/2011 15:06] Admin Danhawk: Let loose a wild: soul destroyer
[24/10/2011 15:06] Admin Danhawk: Let loose a wild: soul destroyer
[24/10/2011 15:06] Admin Danhawk: Let loose a wild: soul destroyer
[24/10/2011 15:06] Admin Danhawk: Let loose a wild: soul destroyer
[24/10/2011 15:06] Admin Danhawk: Let loose a wild: soul destroyer
[24/10/2011 15:06] Admin Danhawk: Let loose a wild: soul destroyer
[24/10/2011 15:06] Admin Danhawk: Let loose a wild: soul destroyer
[24/10/2011 15:06] Admin Danhawk: Let loose a wild: soul destroyer
[24/10/2011 15:06] Admin Danhawk: Let loose a wild: soul destroyer
[24/10/2011 15:06] Admin Danhawk: Let loose a wild: soul destroyer
[24/10/2011 15:06] Admin Danhawk: Let loose a wild: soul destroyer
[24/10/2011 15:06] Admin Danhawk: Let loose a wild: soul destroyer
[24/10/2011 15:06] Admin Danhawk: Let loose a wild: soul destroyer
[24/10/2011 15:06] Admin Danhawk: Let loose a wild: soul destroyer
[24/10/2011 15:06] Admin Danhawk: Let loose a wild: soul destroyer
[24/10/2011 15:06] Admin Danhawk: Let loose a wild: soul destroyer
[24/10/2011 15:06] Admin Danhawk: Let loose a wild: soul destroyer
[24/10/2011 15:07] Admin Danhawk: Let loose a wild: soul destroyer
[24/10/2011 15:07] Admin Danhawk: Let loose a wild: soul destroyer
[24/10/2011 15:07] Admin Danhawk: Let loose a wild: soul destroyer
[24/10/2011 15:07] Admin Danhawk: Let loose a wild: soul destroyer
[24/10/2011 15:07] Admin Danhawk: Let loose a wild: soul destroyer
[24/10/2011 15:07] Admin Danhawk: Let loose a wild: soul destroyer
[24/10/2011 15:07] Admin Danhawk: Let loose a wild: soul destroyer
[24/10/2011 15:07] Admin Danhawk: Let loose a wild: soul destroyer
[24/10/2011 15:07] Admin Danhawk: Let loose a wild: soul destroyer
[24/10/2011 15:07] Admin Danhawk: Let loose a wild: soul destroyer
[24/10/2011 15:07] Admin Danhawk: Let loose a wild: soul destroyer
[24/10/2011 15:07] Admin Danhawk: Let loose a wild: soul destroyer
[24/10/2011 15:07] Admin Danhawk: Let loose a wild: soul destroyer
[24/10/2011 15:07] Admin Danhawk: Let loose a wild: soul destroyer
[24/10/2011 15:07] Admin Danhawk: Let loose a wild: soul destroyer
[24/10/2011 15:07] Admin Danhawk: Let loose a wild: soul destroyer
[24/10/2011 15:07] Admin Danhawk: Let loose a wild: soul destroyer
[24/10/2011 15:07] Admin Danhawk: Let loose a wild: soul destroyer
[24/10/2011 15:07] Admin Danhawk: Let loose a wild: soul destroyer
[24/10/2011 15:07] Admin Danhawk: Let loose a wild: soul destroyer
[24/10/2011 15:07] Admin Danhawk: Let loose a wild: soul destroyer
[24/10/2011 15:07] Admin Danhawk: Let loose a wild: soul destroyer
[24/10/2011 15:07] Admin Danhawk: Let loose a wild: soul destroyer
[24/10/2011 15:07] Admin Danhawk: Let loose a wild: soul destroyer
[24/10/2011 15:07] Admin Danhawk: Let loose a wild: soul destroyer
[24/10/2011 15:07] Admin Danhawk: Let loose a wild: soul destroyer
[24/10/2011 15:07] Admin Danhawk: Let loose a wild: soul destroyer
[24/10/2011 15:07] Admin Danhawk: Let loose a wild: soul destroyer
[24/10/2011 15:07] Admin Danhawk: Let loose a wild: soul destroyer
[24/10/2011 15:07] Admin Danhawk: Let loose a wild: soul destroyer
[24/10/2011 15:07] Admin Danhawk: Let loose a wild: soul destroyer
[24/10/2011 15:07] Admin Danhawk: Let loose a wild: soul destroyer
[24/10/2011 15:07] Admin Danhawk: Let loose a wild: soul destroyer
[24/10/2011 15:07] Admin Danhawk: Let loose a wild: soul destroyer
[24/10/2011 15:07] Admin Danhawk: Let loose a wild: soul destroyer
[24/10/2011 15:07] Admin Danhawk: Let loose a wild: soul destroyer
[24/10/2011 15:07] Admin Danhawk: Let loose a wild: soul destroyer
[24/10/2011 15:07] Admin Danhawk: Let loose a wild: soul destroyer
[24/10/2011 15:07] Admin Danhawk: Let loose a wild: soul destroyer
[24/10/2011 15:07] Admin Danhawk: Let loose a wild: soul destroyer
[24/10/2011 15:07] Admin Danhawk: Let loose a wild: soul destroyer
[24/10/2011 15:07] Admin Danhawk: Let loose a wild: soul destroyer
[24/10/2011 15:07] Admin Danhawk: Let loose a wild: soul destroyer
[24/10/2011 15:07] Admin Danhawk: Let loose a wild: soul destroyer
[24/10/2011 15:07] Admin Danhawk: Let loose a wild: soul destroyer
[24/10/2011 15:07] Admin Danhawk: Let loose a wild: soul destroyer
[24/10/2011 15:07] Admin Danhawk: Let loose a wild: soul destroyer
[24/10/2011 15:07] Admin Danhawk: Let loose a wild: soul destroyer
[24/10/2011 15:07] Admin Danhawk: Let loose a wild: soul destroyer
[24/10/2011 15:07] Admin Danhawk: Let loose a wild: soul destroyer
[24/10/2011 15:07] Admin Danhawk: Let loose a wild: soul destroyer
[24/10/2011 15:07] Admin Danhawk: Let loose a wild: soul destroyer
[24/10/2011 15:07] Admin Danhawk: Let loose a wild: soul destroyer
[24/10/2011 15:07] Admin Danhawk: Let loose a wild: soul destroyer
[24/10/2011 15:07] Admin Danhawk: Let loose a wild: soul destroyer
[24/10/2011 15:07] Admin Danhawk: Let loose a wild: soul destroyer
[24/10/2011 15:07] Admin Danhawk: Let loose a wild: soul destroyer
[24/10/2011 15:07] Admin Danhawk: Let loose a wild: soul destroyer
[24/10/2011 15:07] Admin Danhawk: Let loose a wild: soul destroyer
[24/10/2011 15:07] Admin Danhawk: Let loose a wild: soul destroyer
[24/10/2011 15:07] Admin Danhawk: Let loose a wild: soul destroyer
[24/10/2011 15:07] Admin Danhawk: Let loose a wild: soul destroyer
[24/10/2011 15:07] Admin Danhawk: Let loose a wild: soul destroyer
[24/10/2011 15:08] Admin Danhawk: Let loose a wild: soul destroyer
[24/10/2011 15:08] Admin Danhawk: Let loose a wild: soul destroyer
[24/10/2011 15:08] Admin Danhawk: Let loose a wild: soul destroyer
[24/10/2011 15:08] Admin Danhawk: Let loose a wild: soul destroyer
[24/10/2011 15:08] Admin Danhawk: Let loose a wild: soul destroyer
[24/10/2011 15:08] Admin Danhawk: Let loose a wild: soul destroyer
[24/10/2011 15:08] Admin Danhawk: Let loose a wild: soul destroyer
[24/10/2011 15:08] Admin Danhawk: Let loose a wild: soul destroyer
[24/10/2011 15:08] Admin Danhawk: Let loose a wild: soul destroyer
[24/10/2011 15:08] Admin Danhawk: Let loose a wild: soul destroyer
[24/10/2011 15:08] Admin Danhawk: Let loose a wild: soul destroyer
[24/10/2011 15:08] Admin Danhawk: Let loose a wild: soul destroyer
[24/10/2011 15:08] Admin Danhawk: Let loose a wild: soul destroyer
[24/10/2011 15:08] Admin Danhawk: Let loose a wild: soul destroyer
[24/10/2011 15:08] Admin Danhawk: Let loose a wild: soul destroyer
[24/10/2011 15:08] Admin Danhawk: Let loose a wild: soul destroyer
[24/10/2011 15:08] Admin Danhawk: Let loose a wild: soul destroyer
[18/11/2011 11:46] Admin Danhawk: CREATED ITEM #: 2653
[18/11/2011 11:46] Admin Danhawk: CREATED ITEM #: 2653 1
[18/11/2011 11:50] Admin Danhawk: CREATED ITEM #: bow 1
[18/11/2011 11:52] Admin Danhawk: CREATED ITEM #: 2032
[18/11/2011 11:52] Admin Danhawk: CREATED ITEM #: 2032 1
[18/11/2011 11:52] Admin Danhawk: CREATED ITEM #: 2456
[18/11/2011 11:52] Admin Danhawk: CREATED ITEM #: 2456 1
[24/12/2011 20:43] Admin Danhawk: Set a house to: Dan Blackade
[24/12/2011 20:59] Admin Danhawk: CREATED ITEM #: 2229 100
[24/12/2011 20:59] Admin Danhawk: CREATED ITEM #: 2229 100
[24/12/2011 20:59] Admin Danhawk: CREATED ITEM #: 2229 100
[24/12/2011 21:00] Admin Danhawk: CREATED ITEM #: 2229 100
[24/12/2011 21:00] Admin Danhawk: CREATED ITEM #: 2229 100
[24/12/2011 21:00] Admin Danhawk: CREATED ITEM #: 2229 100
[24/12/2011 21:00] Admin Danhawk: CREATED ITEM #: 2229 100
[24/12/2011 21:00] Admin Danhawk: CREATED ITEM #: 2229 100
[24/12/2011 21:00] Admin Danhawk: CREATED ITEM #: 2229
[24/12/2011 21:00] Admin Danhawk: CREATED ITEM #: 2229
[24/12/2011 21:00] Admin Danhawk: CREATED ITEM #: 2229
[24/12/2011 21:00] Admin Danhawk: CREATED ITEM #: 2229
[24/12/2011 21:00] Admin Danhawk: CREATED ITEM #: 2229
[24/12/2011 21:00] Admin Danhawk: CREATED ITEM #: 2229 100
[28/12/2011 20:28] Admin Danhawk: CREATED ITEM #: 2501 1
[28/12/2011 20:30] Admin Danhawk: Let loose a wild: Big EXP SUMMONER
[28/12/2011 20:30] Admin Danhawk: Let loose a wild: Big EXP SUMMONER 1
[28/12/2011 20:33] Admin Danhawk: Let loose a wild: demonic summoner
[28/12/2011 20:34] Admin Danhawk: Let loose a wild: demonic summoner
[28/12/2011 20:35] Admin Danhawk: Let loose a wild: demonic summoner
[28/12/2011 20:35] Admin Danhawk: Let loose a wild: demonic summoner
[28/12/2011 20:35] Admin Danhawk: Let loose a wild: demonic summoner
[28/12/2011 20:35] Admin Danhawk: Let loose a wild: demonic summoner
[28/12/2011 20:37] Izzy: /info Got info from: 
[28/12/2011 20:37] Izzy: IP BANNED using /b: Uriel
[28/12/2011 20:38] Izzy: IP BANNED using /b: Arlind
[28/12/2011 20:38] Izzy: IP BANNED using /b: Temptations
[28/12/2011 20:38] Izzy: IP BANNED using /b: admin danhawk
[28/12/2011 20:38] Izzy: INITIATED A SHUTDOWN Minutes: 
[28/12/2011 20:38] Izzy: INITIATED A SHUTDOWN Minutes: 1
[28/12/2011 20:47] Izzy: /info Got info from: izzy
[28/12/2011 20:49] Izzy: IP BANNED using /b: admin danhawk
[28/12/2011 20:49] Izzy: IP BANNED using /b: arlind
[28/12/2011 21:02] Admin Danhawk: Let loose a wild: demonic summoner
[28/12/2011 21:02] Admin Danhawk: Let loose a wild: demonic summoner
[28/12/2011 21:02] Admin Danhawk: Let loose a wild: demonic summoner
[28/12/2011 21:02] Admin Danhawk: Let loose a wild: demonic summoner
[28/12/2011 21:02] Admin Danhawk: Let loose a wild: demonic summoner
[28/12/2011 21:02] Admin Danhawk: Let loose a wild: demonic summoner
[28/12/2011 21:02] Admin Danhawk: Let loose a wild: demonic summoner
[28/12/2011 21:02] Admin Danhawk: Let loose a wild: demonic summoner
[28/12/2011 21:02] Admin Danhawk: Let loose a wild: demonic summoner
[28/12/2011 21:02] Admin Danhawk: Let loose a wild: demonic summoner
[28/12/2011 21:02] Admin Danhawk: Let loose a wild: demonic summoner
[28/12/2011 21:02] Admin Danhawk: Let loose a wild: demonic summoner
[28/12/2011 21:02] Admin Danhawk: Let loose a wild: demonic summoner
[28/12/2011 21:02] Admin Danhawk: Let loose a wild: demonic summoner
[28/12/2011 21:02] Admin Danhawk: Let loose a wild: demonic summoner
[28/12/2011 21:02] Admin Danhawk: Let loose a wild: demonic summoner
[28/12/2011 21:02] Admin Danhawk: Let loose a wild: demonic summoner
[28/12/2011 21:02] Admin Danhawk: Let loose a wild: demonic summoner
[28/12/2011 21:02] Admin Danhawk: Let loose a wild: demonic summoner
[28/12/2011 21:02] Admin Danhawk: Let loose a wild: demonic summoner
[28/12/2011 21:02] Admin Danhawk: Let loose a wild: demonic summoner
[28/12/2011 21:02] Admin Danhawk: Let loose a wild: demonic summoner
[28/12/2011 21:02] Admin Danhawk: Let loose a wild: demonic summoner
[28/12/2011 21:02] Admin Danhawk: Let loose a wild: demonic summoner
[28/12/2011 21:02] Admin Danhawk: Let loose a wild: demonic summoner
[28/12/2011 21:02] Admin Danhawk: Let loose a wild: demonic summoner
[28/12/2011 21:02] Admin Danhawk: Let loose a wild: demonic summoner
[28/12/2011 21:02] Admin Danhawk: Let loose a wild: demonic summoner
[28/12/2011 21:02] Admin Danhawk: Let loose a wild: demonic summoner
[28/12/2011 21:02] Admin Danhawk: Let loose a wild: demonic summoner
[28/12/2011 21:02] Admin Danhawk: Let loose a wild: demonic summoner
[28/12/2011 21:02] Admin Danhawk: Let loose a wild: demonic summoner
[28/12/2011 21:02] Admin Danhawk: Let loose a wild: demonic summoner
[28/12/2011 21:02] Admin Danhawk: Let loose a wild: demonic summoner
[28/12/2011 21:02] Admin Danhawk: Let loose a wild: demonic summoner
[28/12/2011 21:02] Admin Danhawk: Let loose a wild: demonic summoner
[28/12/2011 21:02] Admin Danhawk: Let loose a wild: demonic summoner
[28/12/2011 21:02] Admin Danhawk: Let loose a wild: demonic summoner
[28/12/2011 21:02] Admin Danhawk: Let loose a wild: demonic summoner
[28/12/2011 21:04] Admin Danhawk: Let loose a wild: oblivion chicken
[28/12/2011 21:05] Admin Danhawk: Let loose a wild: void terror
[28/12/2011 21:06] Admin Danhawk: Let loose a wild: sunspot
[28/12/2011 21:07] Admin Danhawk: Let loose a wild: big exp summoner
[28/12/2011 21:08] Admin Danhawk: Let loose a wild: sunspot
[28/12/2011 21:09] Admin Danhawk: Let loose a wild: sunspot
[28/12/2011 21:11] Admin Danhawk: CREATED ITEM #: 2348 1
[28/12/2011 21:12] Admin Danhawk: CREATED ITEM #: 2229 200
[28/12/2011 21:13] Admin Danhawk: CREATED ITEM #: 2271 300
[29/12/2011 16:08] Acc Maker 1: CREATED ITEM #: 1995 1
[29/12/2011 16:08] Acc Maker 1: CREATED ITEM #: 1955 1
[29/12/2011 16:09] Acc Maker 1: CREATED ITEM #: 3973 1
[29/12/2011 16:09] Acc Maker 1: CREATED ITEM #: 1995 1
[29/12/2011 16:11] Acc Maker 1: CREATED ITEM #: 2169 1
[29/12/2011 16:11] Acc Maker 1: CREATED ITEM #: 2168 1
[29/12/2011 16:11] Acc Maker 1: CREATED ITEM #: 2160 100
[29/12/2011 16:11] Acc Maker 1: CREATED ITEM #: 2320 100
[29/12/2011 16:11] Acc Maker 1: CREATED ITEM #: 2229 100
[29/12/2011 16:11] Acc Maker 1: CREATED ITEM #: 2229 100
[29/12/2011 16:12] Acc Maker 1: CREATED ITEM #: 2229 100
[29/12/2011 16:12] Acc Maker 1: CREATED ITEM #: 2229 100
[29/12/2011 16:12] Acc Maker 1: CREATED ITEM #: 2229 100
[29/12/2011 16:12] Acc Maker 1: CREATED ITEM #: 2229 100
[29/12/2011 16:12] Acc Maker 1: CREATED ITEM #: 2229 100
[29/12/2011 16:12] Acc Maker 1: CREATED ITEM #: 2229 100
[29/12/2011 16:12] Acc Maker 1: CREATED ITEM #: 2229 100
[29/12/2011 16:12] Acc Maker 1: CREATED ITEM #: 2229 100
[29/12/2011 16:12] Acc Maker 1: CREATED ITEM #: 2229 100
[29/12/2011 16:12] Acc Maker 1: CREATED ITEM #: 2229 100
[29/12/2011 16:12] Acc Maker 1: CREATED ITEM #: 2229 100
[29/12/2011 16:12] Acc Maker 1: CREATED ITEM #: 2229 100
[29/12/2011 16:13] Acc Maker 1: CREATED ITEM #: 2229 100
[29/12/2011 16:14] Somone: CREATED ITEM #: 2320 100
[29/12/2011 16:14] Somone: CREATED ITEM #: 3966 1
[29/12/2011 16:15] Somone: CREATED ITEM #: 3973 1
[29/12/2011 16:15] Somone: CREATED ITEM #: 2229 100
[29/12/2011 16:15] Somone: CREATED ITEM #: 2229 100
[29/12/2011 16:15] Somone: CREATED ITEM #: 2229 100
[29/12/2011 16:15] Somone: CREATED ITEM #: 2663 1
[29/12/2011 16:15] Acc Maker 1: CREATED ITEM #: 2289 1
[29/12/2011 16:16] Acc Maker 1: CREATED ITEM #: 2653 1
[29/12/2011 16:16] Acc Maker 1: CREATED ITEM #: 2653 1
[29/12/2011 16:16] Acc Maker 1: CREATED ITEM #: 2004 1
[29/12/2011 16:16] Acc Maker 1: CREATED ITEM #: 2331 1
[29/12/2011 16:16] Somone: CREATED ITEM #: 2126 1
[29/12/2011 16:16] Acc Maker 1: CREATED ITEM #: 2202 1
[29/12/2011 16:17] Somone: CREATED ITEM #: 2165 1
[29/12/2011 16:17] Acc Maker 1: CREATED ITEM #: 2165 1
[29/12/2011 16:17] Acc Maker 1: CREATED ITEM #: 2165 1
[29/12/2011 16:17] Somone: CREATED ITEM #: 2207 1
[29/12/2011 16:17] Somone: CREATED ITEM #: 2210
[29/12/2011 16:17] Somone: CREATED ITEM #: 2210 1
[29/12/2011 16:17] Somone: CREATED ITEM #: 2307 1
[29/12/2011 16:17] Somone: CREATED ITEM #: 2307 100
[29/12/2011 16:17] Acc Maker 1: CREATED ITEM #: 2210 1
[29/12/2011 16:17] Somone: CREATED ITEM #: 2501 1
[29/12/2011 16:17] Acc Maker 1: CREATED ITEM #: 2210 1
[29/12/2011 16:18] Somone: CREATED ITEM #: 2649 1
[29/12/2011 16:18] Somone: CREATED ITEM #: 2653 1
[29/12/2011 16:18] Acc Maker 1: CREATED ITEM #: 2126 1
[29/12/2011 16:18] Acc Maker 1: CREATED ITEM #: 2126 1
[29/12/2011 16:18] Acc Maker 1: CREATED ITEM #: 2649 1
[29/12/2011 16:19] Acc Maker 1: CREATED ITEM #: 2229 100
[29/12/2011 16:19] Acc Maker 1: CREATED ITEM #: 2229 100
[29/12/2011 16:19] Acc Maker 1: CREATED ITEM #: 2229 100
[29/12/2011 16:19] Acc Maker 1: CREATED ITEM #: 2229 100
[29/12/2011 16:19] Acc Maker 1: CREATED ITEM #: 2229 100
[29/12/2011 16:19] Acc Maker 1: CREATED ITEM #: 2229 100
[29/12/2011 16:19] Acc Maker 1: CREATED ITEM #: 2229 100
[29/12/2011 16:19] Acc Maker 1: CREATED ITEM #: 2229 100
[29/12/2011 16:19] Acc Maker 1: CREATED ITEM #: 2229 100
[29/12/2011 16:19] Acc Maker 1: CREATED ITEM #: 2229 100
[29/12/2011 16:19] Acc Maker 1: CREATED ITEM #: 2229 100
[29/12/2011 16:19] Acc Maker 1: CREATED ITEM #: 2229 100
[29/12/2011 16:19] Acc Maker 1: CREATED ITEM #: 2229 100
[29/12/2011 16:19] Acc Maker 1: CREATED ITEM #: 2229 100
[29/12/2011 16:19] Acc Maker 1: CREATED ITEM #: 2229 100
[29/12/2011 16:19] Acc Maker 1: CREATED ITEM #: 2229 100
[29/12/2011 16:19] Acc Maker 1: CREATED ITEM #: 2229 100
[29/12/2011 16:19] Acc Maker 1: CREATED ITEM #: 2229 100
[29/12/2011 16:19] Acc Maker 1: CREATED ITEM #: 2004 1
[29/12/2011 16:19] Acc Maker 1: CREATED ITEM #: 2229 100
[29/12/2011 16:19] Acc Maker 1: CREATED ITEM #: 2229 100
[29/12/2011 16:19] Acc Maker 1: CREATED ITEM #: 2229 100
[29/12/2011 16:19] Acc Maker 1: CREATED ITEM #: 2229 100
[29/12/2011 16:19] Acc Maker 1: CREATED ITEM #: 2229 100
[29/12/2011 16:19] Acc Maker 1: CREATED ITEM #: 2229 100
[29/12/2011 16:19] Acc Maker 1: CREATED ITEM #: 2229 100
[29/12/2011 16:19] Acc Maker 1: CREATED ITEM #: 2229 100
[29/12/2011 16:19] Acc Maker 1: CREATED ITEM #: 2229 100
[29/12/2011 16:19] Acc Maker 1: CREATED ITEM #: 2229 100
[29/12/2011 16:19] Somone: CREATED ITEM #: 2261 1
[29/12/2011 16:20] Acc Maker 1: CREATED ITEM #: 2229 100
[29/12/2011 16:20] Acc Maker 1: CREATED ITEM #: 2229 100
[29/12/2011 16:20] Acc Maker 1: CREATED ITEM #: 2229 100
[29/12/2011 16:20] Acc Maker 1: CREATED ITEM #: 2229 100
[29/12/2011 16:20] Acc Maker 1: CREATED ITEM #: 2229 100
[29/12/2011 16:20] Acc Maker 1: CREATED ITEM #: 2229 100
[29/12/2011 16:20] Acc Maker 1: CREATED ITEM #: 2229 100
[29/12/2011 16:20] Acc Maker 1: CREATED ITEM #: 2229 100
[29/12/2011 16:20] Acc Maker 1: CREATED ITEM #: 2229 100
[29/12/2011 16:20] Acc Maker 1: CREATED ITEM #: 2229 100
[29/12/2011 16:20] Acc Maker 1: CREATED ITEM #: 2229 100
[29/12/2011 16:20] Acc Maker 1: CREATED ITEM #: 2229 100
[29/12/2011 16:20] Acc Maker 1: CREATED ITEM #: 2229 100
[29/12/2011 16:20] Acc Maker 1: CREATED ITEM #: 2229 100
[29/12/2011 16:20] Acc Maker 1: CREATED ITEM #: 2229 100
[29/12/2011 16:20] Acc Maker 1: CREATED ITEM #: 2229 100
[29/12/2011 16:20] Acc Maker 1: CREATED ITEM #: 2229 100
[29/12/2011 16:20] Acc Maker 1: CREATED ITEM #: 2229 100
[29/12/2011 16:20] Acc Maker 1: CREATED ITEM #: 2229 100
[29/12/2011 16:20] Acc Maker 1: CREATED ITEM #: 2229 100
[29/12/2011 16:20] Acc Maker 1: CREATED ITEM #: 2229 100
[29/12/2011 16:20] Acc Maker 1: CREATED ITEM #: 2229 100
[29/12/2011 16:20] Acc Maker 1: CREATED ITEM #: 2229 100
[29/12/2011 16:20] Acc Maker 1: CREATED ITEM #: 2229 100
[29/12/2011 16:20] Acc Maker 1: CREATED ITEM #: 2229 100
[29/12/2011 16:20] Acc Maker 1: CREATED ITEM #: 2229 100
[29/12/2011 16:20] Acc Maker 1: CREATED ITEM #: 2229 100
[29/12/2011 16:20] Acc Maker 1: CREATED ITEM #: 2229 100
[29/12/2011 16:20] Acc Maker 1: CREATED ITEM #: 2229 100
[29/12/2011 16:20] Acc Maker 1: CREATED ITEM #: 2229 100
[29/12/2011 16:20] Acc Maker 1: CREATED ITEM #: 2229 100
[29/12/2011 16:20] Acc Maker 1: CREATED ITEM #: 2229 100
[29/12/2011 16:20] Acc Maker 1: CREATED ITEM #: 2229 100
[29/12/2011 16:20] Acc Maker 1: CREATED ITEM #: 2229 100
[29/12/2011 16:20] Acc Maker 1: CREATED ITEM #: 2229 100
[29/12/2011 16:20] Acc Maker 1: CREATED ITEM #: 2229 100
[29/12/2011 16:20] Acc Maker 1: CREATED ITEM #: 2229 100
[29/12/2011 16:20] Acc Maker 1: CREATED ITEM #: 2229 100
[29/12/2011 16:20] Acc Maker 1: CREATED ITEM #: 2229 100
[29/12/2011 16:20] Acc Maker 1: CREATED ITEM #: 2229 100
[29/12/2011 16:20] Acc Maker 1: CREATED ITEM #: 2229 100
[29/12/2011 16:20] Acc Maker 1: CREATED ITEM #: 2229 100
[29/12/2011 16:20] Acc Maker 1: CREATED ITEM #: 2229 100
[29/12/2011 16:20] Acc Maker 1: CREATED ITEM #: 2229 100
[29/12/2011 16:20] Acc Maker 1: CREATED ITEM #: 2229 100
[29/12/2011 16:20] Acc Maker 1: CREATED ITEM #: 2229 100
[29/12/2011 16:20] Acc Maker 1: CREATED ITEM #: 2229 100
[29/12/2011 16:20] Acc Maker 1: CREATED ITEM #: 2229 100
[29/12/2011 16:20] Acc Maker 1: CREATED ITEM #: 2229 100
[29/12/2011 16:20] Acc Maker 1: CREATED ITEM #: 2229 100
[29/12/2011 16:20] Acc Maker 1: CREATED ITEM #: 2229 100
[29/12/2011 16:20] Acc Maker 1: CREATED ITEM #: 2229 100
[29/12/2011 16:20] Acc Maker 1: CREATED ITEM #: 2229 100
[29/12/2011 16:20] Acc Maker 1: CREATED ITEM #: 2229 100
[29/12/2011 16:20] Acc Maker 1: CREATED ITEM #: 2229 100
[29/12/2011 16:20] Acc Maker 1: CREATED ITEM #: 2229 100
[29/12/2011 16:20] Acc Maker 1: CREATED ITEM #: 2229 100
[29/12/2011 16:20] Acc Maker 1: CREATED ITEM #: 2229 100
[29/12/2011 16:20] Acc Maker 1: CREATED ITEM #: 2229 100
[29/12/2011 16:20] Acc Maker 1: CREATED ITEM #: 2229 100
[29/12/2011 16:20] Acc Maker 1: CREATED ITEM #: 2229 100
[29/12/2011 16:20] Acc Maker 1: CREATED ITEM #: 2229 100
[29/12/2011 16:20] Acc Maker 1: CREATED ITEM #: 2229 100
[29/12/2011 16:20] Acc Maker 1: CREATED ITEM #: 2229 100
[29/12/2011 16:20] Acc Maker 1: CREATED ITEM #: 2229 100
[29/12/2011 16:20] Acc Maker 1: CREATED ITEM #: 2229 100
[29/12/2011 16:20] Acc Maker 1: CREATED ITEM #: 2229 100
[29/12/2011 16:20] Acc Maker 1: CREATED ITEM #: 2229 100
[29/12/2011 16:20] Acc Maker 1: CREATED ITEM #: 2229 100
[29/12/2011 16:20] Acc Maker 1: CREATED ITEM #: 2229 100
[29/12/2011 16:20] Acc Maker 1: CREATED ITEM #: 2229 100
[29/12/2011 16:20] Acc Maker 1: CREATED ITEM #: 2229 100
[29/12/2011 16:20] Acc Maker 1: CREATED ITEM #: 2229 100
[29/12/2011 16:20] Acc Maker 1: CREATED ITEM #: 2229 100
[29/12/2011 16:20] Acc Maker 1: CREATED ITEM #: 2229 100
[29/12/2011 16:20] Acc Maker 1: CREATED ITEM #: 2229 100
[29/12/2011 16:20] Acc Maker 1: CREATED ITEM #: 2229 100
[29/12/2011 16:20] Acc Maker 1: CREATED ITEM #: 2229 100
[29/12/2011 16:20] Acc Maker 1: CREATED ITEM #: 2229 100
[29/12/2011 16:20] Acc Maker 1: CREATED ITEM #: 2229 100
[29/12/2011 16:20] Acc Maker 1: CREATED ITEM #: 2229 100
[29/12/2011 16:20] Acc Maker 1: CREATED ITEM #: 2229 100
[29/12/2011 16:20] Acc Maker 1: CREATED ITEM #: 2229 100
[29/12/2011 16:20] Acc Maker 1: CREATED ITEM #: 2229 100
[29/12/2011 16:20] Acc Maker 1: CREATED ITEM #: 2229 100
[29/12/2011 16:20] Acc Maker 1: CREATED ITEM #: 2229 100
[29/12/2011 16:20] Acc Maker 1: CREATED ITEM #: 2229 100
[29/12/2011 16:20] Acc Maker 1: CREATED ITEM #: 2229 100
[29/12/2011 16:20] Acc Maker 1: CREATED ITEM #: 2229 100
[29/12/2011 16:20] Acc Maker 1: CREATED ITEM #: 2229 100
[29/12/2011 16:20] Acc Maker 1: CREATED ITEM #: 2229 100
[29/12/2011 16:20] Somone: CREATED ITEM #: 2297 1
[29/12/2011 16:20] Somone: CREATED ITEM #: 2086 1
[29/12/2011 16:20] Somone: CREATED ITEM #: 2089 1
[29/12/2011 16:21] Somone: CREATED ITEM #: 2229 100
[29/12/2011 16:21] Somone: CREATED ITEM #: 2229 100
[29/12/2011 16:21] Somone: CREATED ITEM #: 2229 100
[29/12/2011 16:21] Somone: CREATED ITEM #: 2229 100
[29/12/2011 16:21] Somone: CREATED ITEM #: 2229 100
[29/12/2011 16:21] Somone: CREATED ITEM #: 2229 100
[29/12/2011 16:21] Somone: CREATED ITEM #: 2229 100
[29/12/2011 16:21] Somone: CREATED ITEM #: 2229 100
[29/12/2011 16:21] Somone: CREATED ITEM #: 2229 100
[29/12/2011 16:21] Somone: CREATED ITEM #: 2229 100
[29/12/2011 16:21] Somone: CREATED ITEM #: 2229 100
[29/12/2011 16:21] Somone: CREATED ITEM #: 2229 100
[29/12/2011 16:21] Somone: CREATED ITEM #: 2229 100
[29/12/2011 16:21] Somone: CREATED ITEM #: 2229 100
[29/12/2011 16:21] Somone: CREATED ITEM #: 2229 100
[29/12/2011 16:25] Cara: BANNED using /ban: cara
[29/12/2011 16:25] Admin Danhawk: BANNED using /ban: Admin Danhawk
[29/12/2011 16:25] Dreamor: BANNED using /ban: Dreamor
[29/12/2011 16:25] Arlind: BANNED using /ban: Arlind
[29/12/2011 16:25] Heartless: BANNED using /ban: Heartless
[02/05/2012 20:39] Admin Danhawk: CREATED ITEM #: 2269 1
[02/05/2012 21:12] Admin Danhawk: CREATED ITEM #: 2281 1
[02/05/2012 21:12] Admin Danhawk: CREATED ITEM #: 2281 1
[02/05/2012 21:12] Admin Danhawk: CREATED ITEM #: 2281 1
[02/05/2012 21:12] Admin Danhawk: CREATED ITEM #: 2281 1
[02/05/2012 21:13] Admin Danhawk: CREATED ITEM #: 2281 10
[02/05/2012 21:13] Admin Danhawk: CREATED ITEM #: 2281 100
[02/05/2012 21:14] Admin Danhawk: CREATED ITEM #: 2281 100
[02/05/2012 21:14] Admin Danhawk: CREATED ITEM #: 2281 100
[02/05/2012 21:14] Admin Danhawk: CREATED ITEM #: 2281 100
[02/05/2012 21:15] Admin Danhawk: CREATED ITEM #: 2229 10
[03/05/2012 18:03] Admin Danhawk: CREATED ITEM #: 2229 1
[03/05/2012 18:28] Admin Danhawk: CREATED ITEM #: 1988 100
[03/05/2012 18:28] Admin Danhawk: CREATED ITEM #: 1988 10
[03/05/2012 18:28] Admin Danhawk: CREATED ITEM #: 1988 10
[03/05/2012 18:28] Admin Danhawk: CREATED ITEM #: 1988 10
[03/05/2012 18:28] Admin Danhawk: CREATED ITEM #: 1988 10
[03/05/2012 18:28] Admin Danhawk: CREATED ITEM #: 1988 
[03/05/2012 18:29] Admin Danhawk: Let loose a wild: mega exp summoner
[25/06/2013 18:25] Admin Danhawk: CREATED ITEM #: 2229 100
[25/06/2013 18:28] Admin Danhawk: CREATED ITEM #: 2214 1
[25/06/2013 18:54] Admin Danhawk: CREATED ITEM #: 2214
[25/06/2013 18:54] Admin Danhawk: CREATED ITEM #: 2214 1
[25/06/2013 18:54] Admin Danhawk: CREATED ITEM #: 2229 100
[25/06/2013 19:21] Admin Danhawk: CREATED ITEM #: 2089 1
[25/06/2013 19:21] Admin Danhawk: CREATED ITEM #: 2089 1
[25/06/2013 19:38] Admin Danhawk: INITIATED A SHUTDOWN Minutes: 
[25/06/2013 19:48] Admin Danhawk: Let loose a wild: peterlin
[25/06/2013 19:53] Admin Danhawk: CREATED ITEM #: 2229 50
[25/06/2013 19:53] Admin Danhawk: CREATED ITEM #: 2214 1
[25/06/2013 20:34] Admin Danhawk: CREATED ITEM #: 2214 1
[25/06/2013 20:34] Admin Danhawk: CREATED ITEM #: 2229 50
[25/06/2013 20:38] Admin Danhawk: Set a house to: Admin Danhawk
[25/06/2013 20:38] Admin Danhawk: Set a house to: reset
[25/06/2013 20:38] Admin Danhawk: Set a house to: Nobody
[25/06/2013 20:40] Admin Danhawk: Set a house to: 0
[25/06/2013 20:41] Admin Danhawk: Set a house to: %s
[25/06/2013 20:41] Admin Danhawk: Set a house to: 
[25/06/2013 21:44] Admin Danhawk: CREATED ITEM #: 2269 1
[25/06/2013 21:51] Admin Danhawk: Let loose a wild: Ancient Kuliard
[26/06/2013 14:30] Admin Danhawk: CREATED ITEM #: 2197 100
[26/06/2013 14:30] Admin Danhawk: CREATED ITEM #: 2197 200
[26/06/2013 14:31] Admin Danhawk: CREATED ITEM #: 2197 200 20
[26/06/2013 14:31] Admin Danhawk: CREATED ITEM #: 2197 200 20
[26/06/2013 14:31] Admin Danhawk: CREATED ITEM #: 2197 200 20
[26/06/2013 14:31] Admin Danhawk: CREATED ITEM #: 2197 200 20
[26/06/2013 14:31] Admin Danhawk: CREATED ITEM #: 2197 200 20
[26/06/2013 14:31] Admin Danhawk: CREATED ITEM #: 2197 200 20
[26/06/2013 14:31] Admin Danhawk: CREATED ITEM #: 2197 200 20
[26/06/2013 14:31] Admin Danhawk: CREATED ITEM #: 2197 200 20
[26/06/2013 15:11] Admin Danhawk: CREATED ITEM #: 2269 1
[26/06/2013 22:18] Admin Danhawk: CREATED ITEM #: 2229 100
[26/06/2013 22:46] Admin Danhawk: Set a house to: Admin Danhawk
[26/06/2013 22:47] Admin Danhawk: Set a house to: 
[26/06/2013 22:47] Admin Danhawk: Set a house to: Admin Danhawk
[26/06/2013 22:48] Admin Danhawk: Set a house to: 
[26/06/2013 22:56] Admin Danhawk: /addskill: Krys magic 20
[26/06/2013 22:57] Admin Danhawk: /addskill: Krys
[26/06/2013 22:57] Admin Danhawk: /addskill: magic Krys 10
[26/06/2013 22:57] Admin Danhawk: /addskill: magic
[26/06/2013 22:57] Admin Danhawk: /addskill: Krys 10
[26/06/2013 22:59] Admin Danhawk: /addskill: Krys, level 1
[26/06/2013 22:59] Admin Danhawk: /addskill: Krys, magic level 2
[26/06/2013 22:59] Admin Danhawk: /addskill: Krys magic level 2
[26/06/2013 23:00] Admin Danhawk: /addskill: Krys, magic level 20
[26/06/2013 23:00] Admin Danhawk: /addskill: Krys, magic level
[26/06/2013 23:00] Admin Danhawk: /addskill: Krys , level
[26/06/2013 23:01] Admin Danhawk: /addskill: krys, level
[26/06/2013 23:01] Admin Danhawk: /addskill: Admin Danhawk, level
[26/06/2013 23:01] Admin Danhawk: /addskill: level, Admin Danhawk
[26/06/2013 23:05] Admin Danhawk: /addskill: exp 100
[26/06/2013 23:05] Admin Danhawk: /addskill: "Krys" 100
[26/06/2013 23:05] Admin Danhawk: /addskill: level
[26/06/2013 23:05] Admin Danhawk: /addskill: level, Krys
[26/06/2013 23:06] Admin Danhawk: /addskill: level, Krys
[26/06/2013 23:06] Admin Danhawk: /addskill: level
[26/06/2013 23:06] Admin Danhawk: /addskill: krys, level
[26/06/2013 23:06] Admin Danhawk: /addskill: Krys,level
[26/06/2013 23:06] Admin Danhawk: /addskill: level,Krys
[26/06/2013 23:06] Admin Danhawk: /addskill: level, Krys
[26/06/2013 23:06] Admin Danhawk: /addskill: 6, Krys
[26/06/2013 23:06] Admin Danhawk: /addskill: 1, Krys
[26/06/2013 23:07] Admin Danhawk: /addskill: level 1, Krys
[26/06/2013 23:07] Admin Danhawk: /addskill: level1, Krys
[26/06/2013 23:07] Admin Danhawk: /addskill: level, Krys 10
[26/06/2013 23:07] Admin Danhawk: /addskill: Level, Krys
[26/06/2013 23:07] Admin Danhawk: /addskill: magic level, Krys
[26/06/2013 23:07] Admin Danhawk: /addskill: magic level, Krys
[26/06/2013 23:07] Admin Danhawk: /addskill: magic level, Krys
[26/06/2013 23:07] Admin Danhawk: /addskill: magic level, Krys
[26/06/2013 23:07] Admin Danhawk: /addskill: magic level, Krys
[26/06/2013 23:07] Admin Danhawk: /addskill: magic level, Krys
[26/06/2013 23:07] Admin Danhawk: /addskill: magic level, Krys
[26/06/2013 23:07] Admin Danhawk: /addskill: magic level, Krys
[26/06/2013 23:07] Admin Danhawk: /addskill: magic level, Krys
[26/06/2013 23:07] Admin Danhawk: /addskill: magic level, Krys
[26/06/2013 23:07] Admin Danhawk: /addskill: magic level, Krys
[26/06/2013 23:07] Admin Danhawk: /addskill: magic level, Krys
[26/06/2013 23:08] Admin Danhawk: /addskill: magic level, Krys
[26/06/2013 23:08] Admin Danhawk: /addskill: magic level, Krys
[26/06/2013 23:08] Admin Danhawk: /addskill: magic level, Krys
[26/06/2013 23:08] Admin Danhawk: Set a house to: 
[26/06/2013 23:08] Admin Danhawk: Set a house to: 
[26/06/2013 23:08] Admin Danhawk: Set a house to: Admin Danhawk
[26/06/2013 23:12] Admin Danhawk: /addskill: ml, Krys
[26/06/2013 23:12] Admin Danhawk: /addskill: magic, Krys
[26/06/2013 23:12] Admin Danhawk: /addskill: magiclevel, Krys
[26/06/2013 23:12] Admin Danhawk: /addskill: Magic Level, Krys 1
[26/06/2013 23:12] Admin Danhawk: /addskill: Magic Level 1, Krys 
[26/06/2013 23:12] Admin Danhawk: /addskill: Magic Level, Krys
[26/06/2013 23:12] Admin Danhawk: /addskill: magic level, Krys
[26/06/2013 23:12] Admin Danhawk: /addskill: magic level, 1 Krys
[26/06/2013 23:13] Admin Danhawk: /addskill: magic level 1, Krys
[26/06/2013 23:13] Admin Danhawk: /addskill: 1 magic level, Krys
[26/06/2013 23:13] Admin Danhawk: /addskill: magic level, Krys, 10
[26/06/2013 23:13] Admin Danhawk: /addskill: magic level, Admin Danhawk
[26/06/2013 23:13] Admin Danhawk: /addskill: level, Admin Danhawk
[26/06/2013 23:14] Admin Danhawk: /addskill: fist fighting, Admin Danhawk
[26/06/2013 23:14] Admin Danhawk: /addskill: fist fighting, Admin Danhawk
[26/06/2013 23:14] Admin Danhawk: /addskill: fist fighting, Admin Danhawk
[26/06/2013 23:14] Admin Danhawk: /addskill: fist fighting, Admin Danhawk
[26/06/2013 23:14] Admin Danhawk: /addskill: fist fighting, Admin Danhawk
[26/06/2013 23:14] Admin Danhawk: /addskill: fist fighting Admin Danhawk
[26/06/2013 23:14] Admin Danhawk: /addskill: fist fighting Admin Danhawk "10
[26/06/2013 23:14] Admin Danhawk: /addskill: fist fighting Admin Danhawk 10
[26/06/2013 23:15] Admin Danhawk: /addskill: magic 10000 Admin Danhawk
[26/06/2013 23:15] Admin Danhawk: /addskill: magic 10 Admin Danhawk
[26/06/2013 23:15] Admin Danhawk: /addskill: magic 10 Admin Danhawk
[26/06/2013 23:15] Admin Danhawk: /addskill: magic 10 Admin Danhawk
[26/06/2013 23:16] Admin Danhawk: /addskill: magic level 10 Admin Danhawk
[26/06/2013 23:16] Admin Danhawk: /addskill: magic10 Admin Danhawk
[26/06/2013 23:17] Admin Danhawk: /addskill: 10 Admin Danhawk
[26/06/2013 23:17] Admin Danhawk: /addskill: 6 Admin Danhawk
[26/06/2013 23:17] Admin Danhawk: /addskill: Admin Danhawk
[26/06/2013 23:17] Admin Danhawk: /addskill: Admin Danhawk magic
[26/06/2013 23:17] Admin Danhawk: /addskill: hp Admin Danhawk
[26/06/2013 23:17] Admin Danhawk: /addskill: health Admin Danhawk
[26/06/2013 23:17] Admin Danhawk: /addskill: manaAdmin Danhawk
[26/06/2013 23:17] Admin Danhawk: /addskill: mana Admin Danhawk
[26/06/2013 23:17] Admin Danhawk: /addskill: mana 100 Admin Danhawk
[26/06/2013 23:17] Admin Danhawk: /addskill: mana 100 Admin Danhawk
[26/06/2013 23:17] Admin Danhawk: /addskill: mana 100 Admin Danhawk
[26/06/2013 23:17] Admin Danhawk: /addskill: mana 100 Admin Danhawk
[26/06/2013 23:17] Admin Danhawk: /addskill: mana 100 Admin Danhawk
[26/06/2013 23:17] Admin Danhawk: /addskill: mana 100 Admin Danhawk
[26/06/2013 23:17] Admin Danhawk: /addskill: mana 100 Admin Danhawk
[27/06/2013 12:00] Admin Danhawk: Let loose a wild: crypt lord
[05/02/2014 20:34] Admin Danhawk: /addskill: 1 100
[05/02/2014 20:34] Admin Danhawk: /addskill: 1 Admin Danhawk 100
[05/02/2014 20:34] Admin Danhawk: /addskill: Admin Danhawk 10
[05/02/2014 20:34] Admin Danhawk: /addskill: Admin Danhawk, 
[05/02/2014 20:34] Admin Danhawk: /addskill: Admin Danhawk
[05/02/2014 20:35] Admin Danhawk: /addskill: 10 Admin Danhawk
[05/02/2014 20:35] Admin Danhawk: /addskill: 10 Admin 
[05/02/2014 20:36] Admin Danhawk: /addskill: Admin Danhawk, fist 10
[05/02/2014 20:36] Admin Danhawk: /addskill: Admin Danhawk, fist, 10
[05/02/2014 20:36] Admin Danhawk: /addskill: admin danhawk, fist, 10
[05/02/2014 20:41] Admin Danhawk: /addskill: Admin Danhawk distance 10
[05/02/2014 20:41] Admin Danhawk: /addskill: Admin Danhawk distance 10
[05/02/2014 20:43] Admin Danhawk: CREATED ITEM #: 1641
[05/02/2014 20:43] Admin Danhawk: CREATED ITEM #: 1641 1
[05/02/2014 20:43] Admin Danhawk: CREATED ITEM #: 1634 1
[05/02/2014 20:44] Admin Danhawk: CREATED ITEM #: 3450 1
[05/02/2014 20:44] Admin Danhawk: CREATED ITEM #: 3550 1
[05/02/2014 20:45] Admin Danhawk: CREATED ITEM #: 3554
[05/02/2014 20:45] Admin Danhawk: CREATED ITEM #: 3554 1
[05/02/2014 20:45] Admin Danhawk: CREATED ITEM #: 3535 1
[05/02/2014 20:45] Admin Danhawk: CREATED ITEM #: 3543 1
[05/02/2014 20:45] Admin Danhawk: CREATED ITEM #: 3550
[05/02/2014 20:45] Admin Danhawk: CREATED ITEM #: 3550 1
[05/02/2014 20:46] Admin Danhawk: CREATED ITEM #: 3545 1
[10/02/2014 23:05] Admin Danhawk: Set a house to: 0
[10/02/2014 23:05] Admin Danhawk: Set a house to: reset
[10/02/2014 23:05] Admin Danhawk: Set a house to: Nobody
[10/02/2014 23:05] Admin Danhawk: Set a house to: r
[10/02/2014 23:06] Admin Danhawk: Set a house to: remove
[10/02/2014 23:06] Admin Danhawk: Set a house to: del
[10/02/2014 23:06] Admin Danhawk: Set a house to: 
