[28/12/2011 20:36] Admin Danhawk: hello: Message sent to Temptations.
[25/06/2013 18:51] Admin Danhawk: ok: Message sent to Peterlin.
[25/06/2013 18:51] Admin Danhawk: i give you them: Message sent to Peterlin.
[25/06/2013 18:52] Admin Danhawk: what items you had?: Message sent to Peterlin.
[25/06/2013 18:53] Admin Danhawk: aa: Message sent to Peterlin.
[25/06/2013 18:53] Admin Danhawk: kk: Message sent to Peterlin.
[25/06/2013 18:53] Admin Danhawk: roh, money: Message sent to Peterlin.
[25/06/2013 18:53] Admin Danhawk: yea, but. its chipped skul: Message sent to Peterlin.
[25/06/2013 18:53] Admin Danhawk: flawless skul is 100 chippeds.: Message sent to Peterlin.
[25/06/2013 18:54] Admin Danhawk: i give you: Message sent to Peterlin.
[25/06/2013 18:54] Admin Danhawk: aa: Message sent to Peterlin.
[25/06/2013 18:54] Admin Danhawk: with all? :D: Message sent to Peterlin.
[25/06/2013 18:54] Admin Danhawk: k: Message sent to Peterlin.
[25/06/2013 18:55] Admin Danhawk: when you wait 1 min logged off, i can change your name to Bozydar if want?: Message sent to Peterlin.
[25/06/2013 18:56] Admin Danhawk: ok: Message sent to Peterlin.
[25/06/2013 18:56] Admin Danhawk: you need bluerobe ;): Message sent to Peterlin.
[25/06/2013 18:56] Admin Danhawk: aa: Message sent to Peterlin.
[25/06/2013 18:57] Admin Danhawk: maybe i should play with my own char :D: Message sent to Peterlin.
[25/06/2013 18:57] Admin Danhawk: /t: Message sent to Peterlin.
[25/06/2013 18:57] Admin Danhawk: hehe :D: Message sent to Peterlin.
[25/06/2013 18:57] Admin Danhawk: relog ->: Message sent to Peterlin.
[25/06/2013 19:45] Admin Danhawk: buying from me ;): Message sent to Peterlin.
[25/06/2013 19:45] Admin Danhawk: in here is only 5 players...: Message sent to Peterlin.
[25/06/2013 19:45] Admin Danhawk: this is old backup :D so i havent yet reseted houses :D: Message sent to Peterlin.
[25/06/2013 20:00] Admin Danhawk: you have already?: Message sent to Peterlin.
[25/06/2013 20:00] Admin Danhawk: ohh: Message sent to Peterlin.
[25/06/2013 20:00] Admin Danhawk: ok :D: Message sent to Peterlin.
[25/06/2013 20:01] Admin Danhawk: yes: Message sent to Peterlin.
[26/06/2013 14:41] Dan Blackade: your Character Named Krys account is: 945423: Message sent to Kasia.
[26/06/2013 14:41] Dan Blackade: want that i remove your Kasia?: Message sent to Kasia.
[26/06/2013 14:42] Dan Blackade: ok: Message sent to Kasia.
[26/06/2013 14:42] Dan Blackade: ok: Message sent to Kasia.
[26/06/2013 14:42] Dan Blackade: or want that i change Kasia into your Krys account?: Message sent to Kasia.
[26/06/2013 14:42] Dan Blackade: so you have 2 char in 1 account?: Message sent to Kasia.
[26/06/2013 14:42] Dan Blackade: ok: Message sent to Kasia.
[26/06/2013 14:43] Dan Blackade: yes ;): Message sent to Kasia.
[26/06/2013 14:44] Dan Blackade: it depends on. i need one who to trust.: Message sent to Kasia.
[26/06/2013 14:44] Dan Blackade: relog to your krys ;): Message sent to Kasia.
[26/06/2013 22:33] Dan Blackade: i am ofcourse: Message sent to Krys.
[26/06/2013 22:33] Dan Blackade: because no needed yet.: Message sent to Krys.
[26/06/2013 22:34] Dan Blackade: when we have more than 20 players online, then we may need :): Message sent to Krys.
[26/06/2013 22:35] Dan Blackade: no: Message sent to Krys.
[26/06/2013 22:36] Dan Blackade: yes: Message sent to Krys.
[26/06/2013 22:38] Dan Blackade: yes: Message sent to Krys.
[26/06/2013 22:43] Dan Blackade: come to ancient city: Message sent to Krys.
[26/06/2013 23:11] Admin Danhawk: i got debug error.: Message sent to Krys.
